This is pdfTeX, Version 3.141592653-2.6-1.40.26 (MiKTeX 24.12) (preloaded format=pdflatex 2025.5.21)  21 MAY 2025 19:07
entering extended mode
 restricted \write18 enabled.
 %&-line parsing enabled.
**./_MAIN.tex
(_MAIN.tex
LaTeX2e <2024-11-01> patch level 2
L3 programming layer <2025-04-14>
(/home/davids/.miktex/texmfs/install/tex/latex/base/book.cls
Document Class: book 2024/06/29 v1.4n Standard LaTeX document class
(/home/davids/.miktex/texmfs/install/tex/latex/base/bk12.clo
File: bk12.clo 2024/06/29 v1.4n Standard LaTeX file (size option)
)
\c@part=\count272
\c@chapter=\count273
\c@section=\count274
\c@subsection=\count275
\c@subsubsection=\count276
\c@paragraph=\count277
\c@subparagraph=\count278
\c@figure=\count279
\c@table=\count280
\abovecaptionskip=\skip49
\belowcaptionskip=\skip50
\bibindent=\dimen146
)
(settings/my_packages.tex
(/usr/local/share/miktex-texmf/tex/latex/pdflscape/pdflscape.sty
Package: pdflscape 2022-10-27 v0.13 Display of landscape pages in PDF

(/usr/local/share/miktex-texmf/tex/latex/pdflscape/pdflscape-nometadata.sty
Package: pdflscape-nometadata 2022-10-28 v0.13 Display of landscape pages in PD
F (HO)

(/home/davids/.miktex/texmfs/install/tex/generic/iftex/iftex.sty
Package: iftex 2024/12/12 v1.0g TeX engine tests
)
(/home/davids/.miktex/texmfs/install/tex/latex/graphics/lscape.sty
Package: lscape 2020/05/28 v3.02 Landscape Pages (DPC)

(/home/davids/.miktex/texmfs/install/tex/latex/graphics/graphics.sty
Package: graphics 2024/08/06 v1.4g Standard LaTeX Graphics (DPC,SPQR)

(/home/davids/.miktex/texmfs/install/tex/latex/graphics/trig.sty
Package: trig 2023/12/02 v1.11 sin cos tan (DPC)
)
(/home/davids/.miktex/texmfs/install/tex/latex/graphics-cfg/graphics.cfg
File: graphics.cfg 2016/06/04 v1.11 sample graphics configuration
)
Package graphics Info: Driver file: pdftex.def on input line 106.

(/home/davids/.miktex/texmfs/install/tex/latex/graphics-def/pdftex.def
File: pdftex.def 2024/04/13 v1.2c Graphics/color driver for pdftex
)))
Package pdflscape Info: Auto-detected driver: pdftex on input line 81.
))
(/usr/local/share/miktex-texmf/tex/latex/caption/subcaption.sty
Package: subcaption 2023/07/28 v1.6b Sub-captions (AR)

(/usr/local/share/miktex-texmf/tex/latex/caption/caption.sty
Package: caption 2023/08/05 v3.6o Customizing captions (AR)

(/usr/local/share/miktex-texmf/tex/latex/caption/caption3.sty
Package: caption3 2023/07/31 v2.4d caption3 kernel (AR)

(/home/davids/.miktex/texmfs/install/tex/latex/graphics/keyval.sty
Package: keyval 2022/05/29 v1.15 key=value parser (DPC)
\KV@toks@=\toks17
)
\caption@tempdima=\dimen147
\captionmargin=\dimen148
\caption@leftmargin=\dimen149
\caption@rightmargin=\dimen150
\caption@width=\dimen151
\caption@indent=\dimen152
\caption@parindent=\dimen153
\caption@hangindent=\dimen154
Package caption Info: Standard document class detected.
)
\c@caption@flags=\count281
\c@continuedfloat=\count282
)
Package caption Info: New subtype `subfigure' on input line 238.
\c@subfigure=\count283
Package caption Info: New subtype `subtable' on input line 238.
\c@subtable=\count284
)
(/home/davids/.miktex/texmfs/install/tex/latex/xcolor/xcolor.sty
Package: xcolor 2024/09/29 v3.02 LaTeX color extensions (UK)

(/home/davids/.miktex/texmfs/install/tex/latex/graphics-cfg/color.cfg
File: color.cfg 2016/01/02 v1.6 sample color configuration
)
Package xcolor Info: Driver file: pdftex.def on input line 274.

(/home/davids/.miktex/texmfs/install/tex/latex/graphics/mathcolor.ltx)
Package xcolor Info: Model `cmy' substituted by `cmy0' on input line 1349.
Package xcolor Info: Model `hsb' substituted by `rgb' on input line 1353.
Package xcolor Info: Model `RGB' extended on input line 1365.
Package xcolor Info: Model `HTML' substituted by `rgb' on input line 1367.
Package xcolor Info: Model `Hsb' substituted by `hsb' on input line 1368.
Package xcolor Info: Model `tHsb' substituted by `hsb' on input line 1369.
Package xcolor Info: Model `HSB' substituted by `hsb' on input line 1370.
Package xcolor Info: Model `Gray' substituted by `gray' on input line 1371.
Package xcolor Info: Model `wave' substituted by `hsb' on input line 1372.
)
(/home/davids/.miktex/texmfs/install/tex/latex/graphics/graphicx.sty
Package: graphicx 2021/09/16 v1.2d Enhanced LaTeX Graphics (DPC,SPQR)
\Gin@req@height=\dimen155
\Gin@req@width=\dimen156
)
(/home/davids/.miktex/texmfs/install/tex/latex/pgf/frontendlayer/tikz.sty
(/home/davids/.miktex/texmfs/install/tex/latex/pgf/basiclayer/pgf.sty
(/home/davids/.miktex/texmfs/install/tex/latex/pgf/utilities/pgfrcs.sty
(/home/davids/.miktex/texmfs/install/tex/generic/pgf/utilities/pgfutil-common.t
ex
\pgfutil@everybye=\toks18
\pgfutil@tempdima=\dimen157
\pgfutil@tempdimb=\dimen158
)
(/home/davids/.miktex/texmfs/install/tex/generic/pgf/utilities/pgfutil-latex.de
f
\pgfutil@abb=\box53
)
(/home/davids/.miktex/texmfs/install/tex/generic/pgf/utilities/pgfrcs.code.tex
(/home/davids/.miktex/texmfs/install/tex/generic/pgf/pgf.revision.tex)
Package: pgfrcs 2023-01-15 v3.1.10 (3.1.10)
))
Package: pgf 2023-01-15 v3.1.10 (3.1.10)

(/home/davids/.miktex/texmfs/install/tex/latex/pgf/basiclayer/pgfcore.sty
(/home/davids/.miktex/texmfs/install/tex/latex/pgf/systemlayer/pgfsys.sty
(/home/davids/.miktex/texmfs/install/tex/generic/pgf/systemlayer/pgfsys.code.te
x
Package: pgfsys 2023-01-15 v3.1.10 (3.1.10)

(/home/davids/.miktex/texmfs/install/tex/generic/pgf/utilities/pgfkeys.code.tex
\pgfkeys@pathtoks=\toks19
\pgfkeys@temptoks=\toks20

(/home/davids/.miktex/texmfs/install/tex/generic/pgf/utilities/pgfkeyslibraryfi
ltered.code.tex
\pgfkeys@tmptoks=\toks21
))
\pgf@x=\dimen159
\pgf@y=\dimen160
\pgf@xa=\dimen161
\pgf@ya=\dimen162
\pgf@xb=\dimen163
\pgf@yb=\dimen164
\pgf@xc=\dimen165
\pgf@yc=\dimen166
\pgf@xd=\dimen167
\pgf@yd=\dimen168
\w@pgf@writea=\write3
\r@pgf@reada=\read2
\c@pgf@counta=\count285
\c@pgf@countb=\count286
\c@pgf@countc=\count287
\c@pgf@countd=\count288
\t@pgf@toka=\toks22
\t@pgf@tokb=\toks23
\t@pgf@tokc=\toks24
\pgf@sys@id@count=\count289

(/home/davids/.miktex/texmfs/install/tex/generic/pgf/systemlayer/pgf.cfg
File: pgf.cfg 2023-01-15 v3.1.10 (3.1.10)
)
Driver file for pgf: pgfsys-pdftex.def

(/home/davids/.miktex/texmfs/install/tex/generic/pgf/systemlayer/pgfsys-pdftex.
def
File: pgfsys-pdftex.def 2023-01-15 v3.1.10 (3.1.10)

(/home/davids/.miktex/texmfs/install/tex/generic/pgf/systemlayer/pgfsys-common-
pdf.def
File: pgfsys-common-pdf.def 2023-01-15 v3.1.10 (3.1.10)
)))
(/home/davids/.miktex/texmfs/install/tex/generic/pgf/systemlayer/pgfsyssoftpath
.code.tex
File: pgfsyssoftpath.code.tex 2023-01-15 v3.1.10 (3.1.10)
\pgfsyssoftpath@smallbuffer@items=\count290
\pgfsyssoftpath@bigbuffer@items=\count291
)
(/home/davids/.miktex/texmfs/install/tex/generic/pgf/systemlayer/pgfsysprotocol
.code.tex
File: pgfsysprotocol.code.tex 2023-01-15 v3.1.10 (3.1.10)
))
(/home/davids/.miktex/texmfs/install/tex/generic/pgf/basiclayer/pgfcore.code.te
x
Package: pgfcore 2023-01-15 v3.1.10 (3.1.10)
 (/home/davids/.miktex/texmfs/install/tex/generic/pgf/math/pgfmath.code.tex
(/home/davids/.miktex/texmfs/install/tex/generic/pgf/math/pgfmathutil.code.tex)

(/home/davids/.miktex/texmfs/install/tex/generic/pgf/math/pgfmathparser.code.te
x
\pgfmath@dimen=\dimen169
\pgfmath@count=\count292
\pgfmath@box=\box54
\pgfmath@toks=\toks25
\pgfmath@stack@operand=\toks26
\pgfmath@stack@operation=\toks27
)
(/home/davids/.miktex/texmfs/install/tex/generic/pgf/math/pgfmathfunctions.code
.tex)
(/home/davids/.miktex/texmfs/install/tex/generic/pgf/math/pgfmathfunctions.basi
c.code.tex)
(/home/davids/.miktex/texmfs/install/tex/generic/pgf/math/pgfmathfunctions.trig
onometric.code.tex)
(/home/davids/.miktex/texmfs/install/tex/generic/pgf/math/pgfmathfunctions.rand
om.code.tex)
(/home/davids/.miktex/texmfs/install/tex/generic/pgf/math/pgfmathfunctions.comp
arison.code.tex)
(/home/davids/.miktex/texmfs/install/tex/generic/pgf/math/pgfmathfunctions.base
.code.tex)
(/home/davids/.miktex/texmfs/install/tex/generic/pgf/math/pgfmathfunctions.roun
d.code.tex)
(/home/davids/.miktex/texmfs/install/tex/generic/pgf/math/pgfmathfunctions.misc
.code.tex)
(/home/davids/.miktex/texmfs/install/tex/generic/pgf/math/pgfmathfunctions.inte
gerarithmetics.code.tex)
(/home/davids/.miktex/texmfs/install/tex/generic/pgf/math/pgfmathcalc.code.tex)

(/home/davids/.miktex/texmfs/install/tex/generic/pgf/math/pgfmathfloat.code.tex
\c@pgfmathroundto@lastzeros=\count293
)) (/home/davids/.miktex/texmfs/install/tex/generic/pgf/math/pgfint.code.tex)
(/home/davids/.miktex/texmfs/install/tex/generic/pgf/basiclayer/pgfcorepoints.c
ode.tex
File: pgfcorepoints.code.tex 2023-01-15 v3.1.10 (3.1.10)
\pgf@picminx=\dimen170
\pgf@picmaxx=\dimen171
\pgf@picminy=\dimen172
\pgf@picmaxy=\dimen173
\pgf@pathminx=\dimen174
\pgf@pathmaxx=\dimen175
\pgf@pathminy=\dimen176
\pgf@pathmaxy=\dimen177
\pgf@xx=\dimen178
\pgf@xy=\dimen179
\pgf@yx=\dimen180
\pgf@yy=\dimen181
\pgf@zx=\dimen182
\pgf@zy=\dimen183
)
(/home/davids/.miktex/texmfs/install/tex/generic/pgf/basiclayer/pgfcorepathcons
truct.code.tex
File: pgfcorepathconstruct.code.tex 2023-01-15 v3.1.10 (3.1.10)
\pgf@path@lastx=\dimen184
\pgf@path@lasty=\dimen185
)
(/home/davids/.miktex/texmfs/install/tex/generic/pgf/basiclayer/pgfcorepathusag
e.code.tex
File: pgfcorepathusage.code.tex 2023-01-15 v3.1.10 (3.1.10)
\pgf@shorten@end@additional=\dimen186
\pgf@shorten@start@additional=\dimen187
)
(/home/davids/.miktex/texmfs/install/tex/generic/pgf/basiclayer/pgfcorescopes.c
ode.tex
File: pgfcorescopes.code.tex 2023-01-15 v3.1.10 (3.1.10)
\pgfpic=\box55
\pgf@hbox=\box56
\pgf@layerbox@main=\box57
\pgf@picture@serial@count=\count294
)
(/home/davids/.miktex/texmfs/install/tex/generic/pgf/basiclayer/pgfcoregraphics
tate.code.tex
File: pgfcoregraphicstate.code.tex 2023-01-15 v3.1.10 (3.1.10)
\pgflinewidth=\dimen188
)
(/home/davids/.miktex/texmfs/install/tex/generic/pgf/basiclayer/pgfcoretransfor
mations.code.tex
File: pgfcoretransformations.code.tex 2023-01-15 v3.1.10 (3.1.10)
\pgf@pt@x=\dimen189
\pgf@pt@y=\dimen190
\pgf@pt@temp=\dimen191
)
(/home/davids/.miktex/texmfs/install/tex/generic/pgf/basiclayer/pgfcorequick.co
de.tex
File: pgfcorequick.code.tex 2023-01-15 v3.1.10 (3.1.10)
)
(/home/davids/.miktex/texmfs/install/tex/generic/pgf/basiclayer/pgfcoreobjects.
code.tex
File: pgfcoreobjects.code.tex 2023-01-15 v3.1.10 (3.1.10)
)
(/home/davids/.miktex/texmfs/install/tex/generic/pgf/basiclayer/pgfcorepathproc
essing.code.tex
File: pgfcorepathprocessing.code.tex 2023-01-15 v3.1.10 (3.1.10)
)
(/home/davids/.miktex/texmfs/install/tex/generic/pgf/basiclayer/pgfcorearrows.c
ode.tex
File: pgfcorearrows.code.tex 2023-01-15 v3.1.10 (3.1.10)
\pgfarrowsep=\dimen192
)
(/home/davids/.miktex/texmfs/install/tex/generic/pgf/basiclayer/pgfcoreshade.co
de.tex
File: pgfcoreshade.code.tex 2023-01-15 v3.1.10 (3.1.10)
\pgf@max=\dimen193
\pgf@sys@shading@range@num=\count295
\pgf@shadingcount=\count296
)
(/home/davids/.miktex/texmfs/install/tex/generic/pgf/basiclayer/pgfcoreimage.co
de.tex
File: pgfcoreimage.code.tex 2023-01-15 v3.1.10 (3.1.10)
)
(/home/davids/.miktex/texmfs/install/tex/generic/pgf/basiclayer/pgfcoreexternal
.code.tex
File: pgfcoreexternal.code.tex 2023-01-15 v3.1.10 (3.1.10)
\pgfexternal@startupbox=\box58
)
(/home/davids/.miktex/texmfs/install/tex/generic/pgf/basiclayer/pgfcorelayers.c
ode.tex
File: pgfcorelayers.code.tex 2023-01-15 v3.1.10 (3.1.10)
)
(/home/davids/.miktex/texmfs/install/tex/generic/pgf/basiclayer/pgfcoretranspar
ency.code.tex
File: pgfcoretransparency.code.tex 2023-01-15 v3.1.10 (3.1.10)
)
(/home/davids/.miktex/texmfs/install/tex/generic/pgf/basiclayer/pgfcorepatterns
.code.tex
File: pgfcorepatterns.code.tex 2023-01-15 v3.1.10 (3.1.10)
)
(/home/davids/.miktex/texmfs/install/tex/generic/pgf/basiclayer/pgfcorerdf.code
.tex
File: pgfcorerdf.code.tex 2023-01-15 v3.1.10 (3.1.10)
)))
(/home/davids/.miktex/texmfs/install/tex/generic/pgf/modules/pgfmoduleshapes.co
de.tex
File: pgfmoduleshapes.code.tex 2023-01-15 v3.1.10 (3.1.10)
\pgfnodeparttextbox=\box59
)
(/home/davids/.miktex/texmfs/install/tex/generic/pgf/modules/pgfmoduleplot.code
.tex
File: pgfmoduleplot.code.tex 2023-01-15 v3.1.10 (3.1.10)
)
(/home/davids/.miktex/texmfs/install/tex/latex/pgf/compatibility/pgfcomp-versio
n-0-65.sty
Package: pgfcomp-version-0-65 2023-01-15 v3.1.10 (3.1.10)
\pgf@nodesepstart=\dimen194
\pgf@nodesepend=\dimen195
)
(/home/davids/.miktex/texmfs/install/tex/latex/pgf/compatibility/pgfcomp-versio
n-1-18.sty
Package: pgfcomp-version-1-18 2023-01-15 v3.1.10 (3.1.10)
))
(/home/davids/.miktex/texmfs/install/tex/latex/pgf/utilities/pgffor.sty
(/home/davids/.miktex/texmfs/install/tex/latex/pgf/utilities/pgfkeys.sty
(/home/davids/.miktex/texmfs/install/tex/generic/pgf/utilities/pgfkeys.code.tex
)) (/home/davids/.miktex/texmfs/install/tex/latex/pgf/math/pgfmath.sty
(/home/davids/.miktex/texmfs/install/tex/generic/pgf/math/pgfmath.code.tex))
(/home/davids/.miktex/texmfs/install/tex/generic/pgf/utilities/pgffor.code.tex
Package: pgffor 2023-01-15 v3.1.10 (3.1.10)
\pgffor@iter=\dimen196
\pgffor@skip=\dimen197
\pgffor@stack=\toks28
\pgffor@toks=\toks29
))
(/home/davids/.miktex/texmfs/install/tex/generic/pgf/frontendlayer/tikz/tikz.co
de.tex
Package: tikz 2023-01-15 v3.1.10 (3.1.10)

(/home/davids/.miktex/texmfs/install/tex/generic/pgf/libraries/pgflibraryplotha
ndlers.code.tex
File: pgflibraryplothandlers.code.tex 2023-01-15 v3.1.10 (3.1.10)
\pgf@plot@mark@count=\count297
\pgfplotmarksize=\dimen198
)
\tikz@lastx=\dimen199
\tikz@lasty=\dimen256
\tikz@lastxsaved=\dimen257
\tikz@lastysaved=\dimen258
\tikz@lastmovetox=\dimen259
\tikz@lastmovetoy=\dimen260
\tikzleveldistance=\dimen261
\tikzsiblingdistance=\dimen262
\tikz@figbox=\box60
\tikz@figbox@bg=\box61
\tikz@tempbox=\box62
\tikz@tempbox@bg=\box63
\tikztreelevel=\count298
\tikznumberofchildren=\count299
\tikznumberofcurrentchild=\count300
\tikz@fig@count=\count301

(/home/davids/.miktex/texmfs/install/tex/generic/pgf/modules/pgfmodulematrix.co
de.tex
File: pgfmodulematrix.code.tex 2023-01-15 v3.1.10 (3.1.10)
\pgfmatrixcurrentrow=\count302
\pgfmatrixcurrentcolumn=\count303
\pgf@matrix@numberofcolumns=\count304
)
\tikz@expandcount=\count305

(/home/davids/.miktex/texmfs/install/tex/generic/pgf/frontendlayer/tikz/librari
es/tikzlibrarytopaths.code.tex
File: tikzlibrarytopaths.code.tex 2023-01-15 v3.1.10 (3.1.10)
)))
(/home/davids/.miktex/texmfs/install/tex/generic/pgf/libraries/pgflibraryarrows
.meta.code.tex
File: pgflibraryarrows.meta.code.tex 2023-01-15 v3.1.10 (3.1.10)
\pgfarrowinset=\dimen263
\pgfarrowlength=\dimen264
\pgfarrowwidth=\dimen265
\pgfarrowlinewidth=\dimen266
) (/home/davids/.miktex/texmfs/install/tex/latex/float/float.sty
Package: float 2001/11/08 v1.3d Float enhancements (AL)
\c@float@type=\count306
\float@exts=\toks30
\float@box=\box64
\@float@everytoks=\toks31
\@floatcapt=\box65
) (/home/davids/.miktex/texmfs/install/tex/latex/listings/listings.sty
\lst@mode=\count307
\lst@gtempboxa=\box66
\lst@token=\toks32
\lst@length=\count308
\lst@currlwidth=\dimen267
\lst@column=\count309
\lst@pos=\count310
\lst@lostspace=\dimen268
\lst@width=\dimen269
\lst@newlines=\count311
\lst@lineno=\count312
\lst@maxwidth=\dimen270

(/home/davids/.miktex/texmfs/install/tex/latex/listings/lstpatch.sty
File: lstpatch.sty 2024/09/23 1.10c (Carsten Heinz)
)
(/home/davids/.miktex/texmfs/install/tex/latex/listings/lstmisc.sty
File: lstmisc.sty 2024/09/23 1.10c (Carsten Heinz)
\c@lstnumber=\count313
\lst@skipnumbers=\count314
\lst@framebox=\box67
)
(/home/davids/.miktex/texmfs/install/tex/latex/listings/listings.cfg
File: listings.cfg 2024/09/23 1.10c listings configuration
))
Package: listings 2024/09/23 1.10c (Carsten Heinz)

(/usr/local/share/miktex-texmf/tex/generic/babel/babel.sty
Package: babel 2025/03/27 v25.6 The multilingual framework for pdfLaTeX, LuaLaT
eX and XeLaTeX
\babel@savecnt=\count315
\U@D=\dimen271
\l@unhyphenated=\language2

(/usr/local/share/miktex-texmf/tex/generic/babel/txtbabel.def)
\bbl@readstream=\read3
\bbl@dirlevel=\count316

*************************************
* Local config file bblopts.cfg used
*
(/home/davids/.miktex/texmfs/install/tex/latex/arabi/bblopts.cfg
File: bblopts.cfg 2005/09/08 v0.1 add Arabic and Farsi to "declared" options of
 babel
)
(/home/davids/.miktex/texmfs/install/tex/latex/babel-czech/czech.ldf
Language: czech 2008/07/06 v3.1a Czech support from the babel system


Package babel Warning: No hyphenation patterns were preloaded for
(babel)                the language 'Czech' into the format.
(babel)                Please, configure your TeX system to add them and
(babel)                rebuild the format. Now I will use the patterns
(babel)                preloaded for \language=0 instead on input line 53.

Package babel Info: Hyphen rules for 'czech' set to \l@english
(babel)             (\language0). Reported on input line 54.
Package babel Info: Making " an active character on input line 172.
\cs@wordlen=\count317
Package babel Info: Making - an active character on input line 226.
)) (/usr/local/share/miktex-texmf/tex/generic/babel/locale/cs/babel-czech.tex
Package babel Info: Importing font and identification data for czech
(babel)             from babel-cs.ini. Reported on input line 11.
)) (settings/layout_commands.tex
(/home/davids/.miktex/texmfs/install/tex/latex/xifthen/xifthen.sty
Package: xifthen 2015/11/05 v1.4.0 Extended ifthen features

(/home/davids/.miktex/texmfs/install/tex/latex/tools/calc.sty
Package: calc 2023/07/08 v4.3 Infix arithmetic (KKT,FJ)
\calc@Acount=\count318
\calc@Bcount=\count319
\calc@Adimen=\dimen272
\calc@Bdimen=\dimen273
\calc@Askip=\skip51
\calc@Bskip=\skip52
LaTeX Info: Redefining \setlength on input line 80.
LaTeX Info: Redefining \addtolength on input line 81.
\calc@Ccount=\count320
\calc@Cskip=\skip53
)
(/home/davids/.miktex/texmfs/install/tex/latex/base/ifthen.sty
Package: ifthen 2024/03/16 v1.1e Standard LaTeX ifthen package (DPC)
)
(/home/davids/.miktex/texmfs/install/tex/latex/ifmtarg/ifmtarg.sty
Package: ifmtarg 2018/04/16 v1.2b check for an empty argument
)))
(/home/davids/.miktex/texmfs/install/tex/latex/base/inputenc.sty
Package: inputenc 2024/02/08 v1.3d Input encoding file
\inpenc@prehook=\toks33
\inpenc@posthook=\toks34
)
(/home/davids/.miktex/texmfs/install/tex/latex/base/fontenc.sty
Package: fontenc 2021/04/29 v2.0v Standard LaTeX package
)
(/home/davids/.miktex/texmfs/install/tex/latex/lm/lmodern.sty
Package: lmodern 2015/05/01 v1.6.1 Latin Modern Fonts
LaTeX Font Info:    Overwriting symbol font `operators' in version `normal'
(Font)                  OT1/cmr/m/n --> OT1/lmr/m/n on input line 22.
LaTeX Font Info:    Overwriting symbol font `letters' in version `normal'
(Font)                  OML/cmm/m/it --> OML/lmm/m/it on input line 23.
LaTeX Font Info:    Overwriting symbol font `symbols' in version `normal'
(Font)                  OMS/cmsy/m/n --> OMS/lmsy/m/n on input line 24.
LaTeX Font Info:    Overwriting symbol font `largesymbols' in version `normal'
(Font)                  OMX/cmex/m/n --> OMX/lmex/m/n on input line 25.
LaTeX Font Info:    Overwriting symbol font `operators' in version `bold'
(Font)                  OT1/cmr/bx/n --> OT1/lmr/bx/n on input line 26.
LaTeX Font Info:    Overwriting symbol font `letters' in version `bold'
(Font)                  OML/cmm/b/it --> OML/lmm/b/it on input line 27.
LaTeX Font Info:    Overwriting symbol font `symbols' in version `bold'
(Font)                  OMS/cmsy/b/n --> OMS/lmsy/b/n on input line 28.
LaTeX Font Info:    Overwriting symbol font `largesymbols' in version `bold'
(Font)                  OMX/cmex/m/n --> OMX/lmex/m/n on input line 29.
LaTeX Font Info:    Overwriting math alphabet `\mathbf' in version `normal'
(Font)                  OT1/cmr/bx/n --> OT1/lmr/bx/n on input line 31.
LaTeX Font Info:    Overwriting math alphabet `\mathsf' in version `normal'
(Font)                  OT1/cmss/m/n --> OT1/lmss/m/n on input line 32.
LaTeX Font Info:    Overwriting math alphabet `\mathit' in version `normal'
(Font)                  OT1/cmr/m/it --> OT1/lmr/m/it on input line 33.
LaTeX Font Info:    Overwriting math alphabet `\mathtt' in version `normal'
(Font)                  OT1/cmtt/m/n --> OT1/lmtt/m/n on input line 34.
LaTeX Font Info:    Overwriting math alphabet `\mathbf' in version `bold'
(Font)                  OT1/cmr/bx/n --> OT1/lmr/bx/n on input line 35.
LaTeX Font Info:    Overwriting math alphabet `\mathsf' in version `bold'
(Font)                  OT1/cmss/bx/n --> OT1/lmss/bx/n on input line 36.
LaTeX Font Info:    Overwriting math alphabet `\mathit' in version `bold'
(Font)                  OT1/cmr/bx/it --> OT1/lmr/bx/it on input line 37.
LaTeX Font Info:    Overwriting math alphabet `\mathtt' in version `bold'
(Font)                  OT1/cmtt/m/n --> OT1/lmtt/m/n on input line 38.
)
Package babel Info: 'czech' activates 'czech' shorthands.
(babel)             Reported  on input line 17.

(settings/vut_style.tex
(/usr/local/share/miktex-texmf/tex/latex/pdfpages/pdfpages.sty
Package: pdfpages 2025/03/12 v0.6f Insert pages of external PDF documents (AM)

(/home/davids/.miktex/texmfs/install/tex/latex/eso-pic/eso-pic.sty
Package: eso-pic 2023/05/03 v3.0c eso-pic (RN)
\ESO@tempdima=\dimen274
\ESO@tempdimb=\dimen275
)
(/home/davids/.miktex/texmfs/install/tex/latex/etoolbox/etoolbox.sty
Package: etoolbox 2025/02/11 v2.5l e-TeX tools for LaTeX (JAW)
\etb@tempcnta=\count321
)
\AM@pagewidth=\dimen276
\AM@pageheight=\dimen277
\AM@fboxrule=\dimen278

(/usr/local/share/miktex-texmf/tex/latex/pdfpages/pppdftex.def
File: pppdftex.def 2025/03/12 v0.6f Pdfpages driver for pdfTeX (AM)
)
\pdfpages@includegraphics@status=\count322
\AM@pagebox=\box68
\AM@global@opts=\toks35
\AM@pagecnt=\count323
\AM@toc@title=\toks36
\AM@lof@heading=\toks37
\c@AM@survey=\count324
\AM@templatesizebox=\box69
)
(/usr/local/share/miktex-texmf/tex/latex/fancyhdr/fancyhdr.sty
Package: fancyhdr 2025/02/07 v5.2 Extensive control of page headers and footers

\f@nch@headwidth=\skip54
\f@nch@offset@elh=\skip55
\f@nch@offset@erh=\skip56
\f@nch@offset@olh=\skip57
\f@nch@offset@orh=\skip58
\f@nch@offset@elf=\skip59
\f@nch@offset@erf=\skip60
\f@nch@offset@olf=\skip61
\f@nch@offset@orf=\skip62
\f@nch@height=\skip63
\f@nch@footalignment=\skip64
\f@nch@widthL=\skip65
\f@nch@widthC=\skip66
\f@nch@widthR=\skip67
\@temptokenb=\toks38
)
(/usr/local/share/miktex-texmf/tex/latex/lastpage/lastpage.sty
Package: lastpage 2025/01/27 v2.1e lastpage: 2.09 or 2e? (HMM)

(/usr/local/share/miktex-texmf/tex/latex/lastpage/lastpage2e.sty
Package: lastpage2e 2025/01/27 v2.1e Decide which 2e lastpage version to use (H
MM)

(/usr/local/share/miktex-texmf/tex/latex/lastpage/lastpagemodern.sty
Package: lastpagemodern 2025-01-27 v2.1e Refers to last page's name (HMM; JPG)
\c@lastpagecount=\count325
) 
)) (/usr/local/share/miktex-texmf/tex/latex/titlesec/titlesec.sty
Package: titlesec 2025/01/04 v2.17 Sectioning titles
\ttl@box=\box70
\beforetitleunit=\skip68
\aftertitleunit=\skip69
\ttl@plus=\dimen279
\ttl@minus=\dimen280
\ttl@toksa=\toks39
\titlewidth=\dimen281
\titlewidthlast=\dimen282
\titlewidthfirst=\dimen283
)
(/usr/local/share/miktex-texmf/tex/latex/lipsum/lipsum.sty
(/home/davids/.miktex/texmfs/install/tex/latex/l3packages/l3keys2e/l3keys2e.sty
(/home/davids/.miktex/texmfs/install/tex/latex/l3kernel/expl3.sty
Package: expl3 2025-04-14 L3 programming layer (loader) 

(/home/davids/.miktex/texmfs/install/tex/latex/l3backend/l3backend-pdftex.def
File: l3backend-pdftex.def 2025-04-14 L3 backend support: PDF output (pdfTeX)
\l__color_backend_stack_int=\count326
))
Package: l3keys2e 2024-08-16 LaTeX2e option processing using LaTeX3 keys
)
Package: lipsum 2021-09-20 v2.7 150 paragraphs of Lorem Ipsum dummy text
\g__lipsum_par_int=\count327
\l__lipsum_a_int=\count328
\l__lipsum_b_int=\count329
 (/usr/local/share/miktex-texmf/tex/latex/lipsum/lipsum.ltd.tex))
(/usr/local/share/miktex-texmf/tex/latex/tocbibind/tocbibind.sty
Package: tocbibind 2010/10/13 v1.5k extra ToC listings
Package tocbibind Info: The document has chapter divisions on input line 50.


Package tocbibind Note: Using chapter style headings, unless overridden.

) (mcode.sty
-- Package: `mcode' 2.7 <2015/11/11> --
Package: mcode 2015/11/11 2.7
 - settings optimized for display (colour formating)
 - framed listings
) (/usr/local/share/miktex-texmf/tex/latex/mathtools/mathtools.sty
Package: mathtools 2024/10/04 v1.31 mathematical typesetting tools

(/usr/local/share/miktex-texmf/tex/latex/mathtools/mhsetup.sty
Package: mhsetup 2021/03/18 v1.4 programming setup (MH)
)
(/home/davids/.miktex/texmfs/install/tex/latex/amsmath/amsmath.sty
Package: amsmath 2024/11/05 v2.17t AMS math features
\@mathmargin=\skip70

For additional information on amsmath, use the `?' option.
(/home/davids/.miktex/texmfs/install/tex/latex/amsmath/amstext.sty
Package: amstext 2021/08/26 v2.01 AMS text

(/home/davids/.miktex/texmfs/install/tex/latex/amsmath/amsgen.sty
File: amsgen.sty 1999/11/30 v2.0 generic functions
\@emptytoks=\toks40
\ex@=\dimen284
))
(/home/davids/.miktex/texmfs/install/tex/latex/amsmath/amsbsy.sty
Package: amsbsy 1999/11/29 v1.2d Bold Symbols
\pmbraise@=\dimen285
)
(/home/davids/.miktex/texmfs/install/tex/latex/amsmath/amsopn.sty
Package: amsopn 2022/04/08 v2.04 operator names
)
\inf@bad=\count330
LaTeX Info: Redefining \frac on input line 233.
\uproot@=\count331
\leftroot@=\count332
LaTeX Info: Redefining \overline on input line 398.
LaTeX Info: Redefining \colon on input line 409.
\classnum@=\count333
\DOTSCASE@=\count334
LaTeX Info: Redefining \ldots on input line 495.
LaTeX Info: Redefining \dots on input line 498.
LaTeX Info: Redefining \cdots on input line 619.
\Mathstrutbox@=\box71
\strutbox@=\box72
LaTeX Info: Redefining \big on input line 721.
LaTeX Info: Redefining \Big on input line 722.
LaTeX Info: Redefining \bigg on input line 723.
LaTeX Info: Redefining \Bigg on input line 724.
\big@size=\dimen286
LaTeX Font Info:    Redeclaring font encoding OML on input line 742.
LaTeX Font Info:    Redeclaring font encoding OMS on input line 743.
\macc@depth=\count335
LaTeX Info: Redefining \bmod on input line 904.
LaTeX Info: Redefining \pmod on input line 909.
LaTeX Info: Redefining \smash on input line 939.
LaTeX Info: Redefining \relbar on input line 969.
LaTeX Info: Redefining \Relbar on input line 970.
\c@MaxMatrixCols=\count336
\dotsspace@=\muskip17
\c@parentequation=\count337
\dspbrk@lvl=\count338
\tag@help=\toks41
\row@=\count339
\column@=\count340
\maxfields@=\count341
\andhelp@=\toks42
\eqnshift@=\dimen287
\alignsep@=\dimen288
\tagshift@=\dimen289
\tagwidth@=\dimen290
\totwidth@=\dimen291
\lineht@=\dimen292
\@envbody=\toks43
\multlinegap=\skip71
\multlinetaggap=\skip72
\mathdisplay@stack=\toks44
LaTeX Info: Redefining \[ on input line 2953.
LaTeX Info: Redefining \] on input line 2954.
)
\g_MT_multlinerow_int=\count342
\l_MT_multwidth_dim=\dimen293
\origjot=\skip73
\l_MT_shortvdotswithinadjustabove_dim=\dimen294
\l_MT_shortvdotswithinadjustbelow_dim=\dimen295
\l_MT_above_intertext_sep=\dimen296
\l_MT_below_intertext_sep=\dimen297
\l_MT_above_shortintertext_sep=\dimen298
\l_MT_below_shortintertext_sep=\dimen299
\xmathstrut@box=\box73
\xmathstrut@dim=\dimen300
)
(/home/davids/.miktex/texmfs/install/tex/latex/tools/multicol.sty
Package: multicol 2024/09/14 v1.9i multicolumn formatting (FMi)
\c@tracingmulticols=\count343
\mult@box=\box74
\multicol@leftmargin=\dimen301
\c@unbalance=\count344
\c@collectmore=\count345
\doublecol@number=\count346
\multicoltolerance=\count347
\multicolpretolerance=\count348
\full@width=\dimen302
\page@free=\dimen303
\premulticols=\dimen304
\postmulticols=\dimen305
\multicolsep=\skip74
\multicolbaselineskip=\skip75
\partial@page=\box75
\last@line=\box76
\mc@boxedresult=\box77
\maxbalancingoverflow=\dimen306
\mult@rightbox=\box78
\mult@grightbox=\box79
\mult@firstbox=\box80
\mult@gfirstbox=\box81
\@tempa=\box82
\@tempa=\box83
\@tempa=\box84
\@tempa=\box85
\@tempa=\box86
\@tempa=\box87
\@tempa=\box88
\@tempa=\box89
\@tempa=\box90
\@tempa=\box91
\@tempa=\box92
\@tempa=\box93
\@tempa=\box94
\@tempa=\box95
\@tempa=\box96
\@tempa=\box97
\@tempa=\box98
\@tempa=\box99
\@tempa=\box100
\@tempa=\box101
\@tempa=\box102
\@tempa=\box103
\@tempa=\box104
\@tempa=\box105
\@tempa=\box106
\@tempa=\box107
\@tempa=\box108
\@tempa=\box109
\@tempa=\box110
\@tempa=\box111
\@tempa=\box112
\@tempa=\box113
\@tempa=\box114
\@tempa=\box115
\@tempa=\box116
\@tempa=\box117
\c@minrows=\count349
\c@columnbadness=\count350
\c@finalcolumnbadness=\count351
\last@try=\dimen307
\multicolovershoot=\dimen308
\multicolundershoot=\dimen309
\mult@nat@firstbox=\box118
\colbreak@box=\box119
\mc@col@check@num=\count352
)
(/usr/local/share/miktex-texmf/tex/latex/multirow/multirow.sty
Package: multirow 2024/11/12 v2.9 Span multiple rows of a table
\multirow@colwidth=\skip76
\multirow@cntb=\count353
\multirow@dima=\skip77
\bigstrutjot=\dimen310
)
(/home/davids/.miktex/texmfs/install/tex/latex/tools/bm.sty
Package: bm 2023/12/19 v1.2f Bold Symbol Support (DPC/FMi)
\symboldoperators=\mathgroup4
\symboldletters=\mathgroup5
\symboldsymbols=\mathgroup6
Package bm Info: No bold for \OMX/lmex/m/n, using \pmb.
LaTeX Font Info:    Redeclaring math alphabet \mathbf on input line 149.
) (xstring.sty
(xstring.tex
\@xs@message=\write4
\integerpart=\count354
\decimalpart=\count355
)
Package: xstring 2013/10/13  v1.7c  String manipulations (C Tellechea)
)
(/home/davids/.miktex/texmfs/install/tex/latex/amsfonts/amssymb.sty
Package: amssymb 2013/01/14 v3.01 AMS font symbols

(/home/davids/.miktex/texmfs/install/tex/latex/amsfonts/amsfonts.sty
Package: amsfonts 2013/01/14 v3.01 Basic AMSFonts support
\symAMSa=\mathgroup7
\symAMSb=\mathgroup8
LaTeX Font Info:    Redeclaring math symbol \hbar on input line 98.
LaTeX Font Info:    Overwriting math alphabet `\mathfrak' in version `bold'
(Font)                  U/euf/m/n --> U/euf/b/n on input line 106.
))
(/home/davids/.miktex/texmfs/install/tex/latex/epstopdf-pkg/epstopdf.sty
Package: epstopdf 2020-01-24 v2.11 Conversion with epstopdf on the fly (HO)

(/home/davids/.miktex/texmfs/install/tex/generic/infwarerr/infwarerr.sty
Package: infwarerr 2019/12/03 v1.5 Providing info/warning/error messages (HO)
)
(/home/davids/.miktex/texmfs/install/tex/latex/grfext/grfext.sty
Package: grfext 2019/12/03 v1.3 Manage graphics extensions (HO)

(/home/davids/.miktex/texmfs/install/tex/generic/kvdefinekeys/kvdefinekeys.sty
Package: kvdefinekeys 2019-12-19 v1.6 Define keys (HO)
)) (/home/davids/.miktex/texmfs/install/tex/latex/kvoptions/kvoptions.sty
Package: kvoptions 2022-06-15 v3.15 Key value format for package options (HO)

(/home/davids/.miktex/texmfs/install/tex/generic/ltxcmds/ltxcmds.sty
Package: ltxcmds 2023-12-04 v1.26 LaTeX kernel commands for general use (HO)
)
(/home/davids/.miktex/texmfs/install/tex/latex/kvsetkeys/kvsetkeys.sty
Package: kvsetkeys 2022-10-05 v1.19 Key value parser (HO)
))
(/home/davids/.miktex/texmfs/install/tex/generic/pdftexcmds/pdftexcmds.sty
Package: pdftexcmds 2020-06-27 v0.33 Utility functions of pdfTeX for LuaTeX (HO
)
Package pdftexcmds Info: \pdf@primitive is available.
Package pdftexcmds Info: \pdf@ifprimitive is available.
Package pdftexcmds Info: \pdfdraftmode found.
)
(/home/davids/.miktex/texmfs/install/tex/latex/epstopdf-pkg/epstopdf-base.sty
Package: epstopdf-base 2020-01-24 v2.11 Base part for package epstopdf
Package epstopdf-base Info: Redefining graphics rule for `.eps' on input line 4
85.
Package grfext Info: Graphics extension search list:
(grfext)             [.pdf,.png,.jpg,.mps,.jpeg,.jbig2,.jb2,.PDF,.PNG,.JPG,.JPE
G,.JBIG2,.JB2,.eps]
(grfext)             \AppendGraphicsExtensions on input line 504.

(/home/davids/.miktex/texmfs/install/tex/latex/00miktex/epstopdf-sys.cfg
File: epstopdf-sys.cfg 2021/03/18 v2.0 Configuration of epstopdf for MiKTeX
)))
(/usr/local/share/miktex-texmf/tex/latex/enumitem/enumitem.sty
Package: enumitem 2025/02/06 v3.11 Customized lists
\labelindent=\skip78
\enit@outerparindent=\dimen311
\enit@toks=\toks45
\enit@inbox=\box120
\enit@count@id=\count356
\enitdp@description=\count357
)
(/usr/local/share/miktex-texmf/tex/latex/bbding/bbding.sty
Package: bbding 1999/04/15 v1.01 Dingbats symbols
)
(/usr/local/share/miktex-texmf/tex/latex/setspace/setspace.sty
Package: setspace 2022/12/04 v6.7b set line spacing
)
(/usr/local/share/miktex-texmf/tex/latex/footmisc/footmisc.sty
Package: footmisc 2025/03/10 v7.0a a miscellany of footnote facilities

(/usr/local/share/miktex-texmf/tex/latex/footmisc/footmisc-2022-02-14.sty
Package: footmisc 2024/12/24 v6.0g a miscellany of footnote facilities
\FN@temptoken=\toks46
\footnotemargin=\dimen312
\@outputbox@depth=\dimen313
Package footmisc Info: Declaring symbol style bringhurst on input line 699.
Package footmisc Info: Declaring symbol style chicago on input line 707.
Package footmisc Info: Declaring symbol style wiley on input line 716.
Package footmisc Info: Declaring symbol style lamport-robust on input line 727.

Package footmisc Info: Declaring symbol style lamport* on input line 747.
Package footmisc Info: Declaring symbol style lamport*-robust on input line 768
.
))
(/home/davids/.miktex/texmfs/install/tex/latex/geometry/geometry.sty
Package: geometry 2020/01/02 v5.9 Page Geometry

(/home/davids/.miktex/texmfs/install/tex/generic/iftex/ifvtex.sty
Package: ifvtex 2019/10/25 v1.7 ifvtex legacy package. Use iftex instead.
)
\Gm@cnth=\count358
\Gm@cntv=\count359
\c@Gm@tempcnt=\count360
\Gm@bindingoffset=\dimen314
\Gm@wd@mp=\dimen315
\Gm@odd@mp=\dimen316
\Gm@even@mp=\dimen317
\Gm@layoutwidth=\dimen318
\Gm@layoutheight=\dimen319
\Gm@layouthoffset=\dimen320
\Gm@layoutvoffset=\dimen321
\Gm@dimlist=\toks47

(/home/davids/.miktex/texmfs/install/tex/latex/geometry/geometry.cfg))
(/usr/local/share/miktex-texmf/tex/latex/hyperref/hyperref.sty
Package: hyperref 2024-11-05 v7.01l Hypertext links for LaTeX

(/home/davids/.miktex/texmfs/install/tex/generic/pdfescape/pdfescape.sty
Package: pdfescape 2019/12/09 v1.15 Implements pdfTeX's escape features (HO)
)
(/home/davids/.miktex/texmfs/install/tex/latex/hycolor/hycolor.sty
Package: hycolor 2020-01-27 v1.10 Color options for hyperref/bookmark (HO)
)
(/usr/local/share/miktex-texmf/tex/latex/hyperref/nameref.sty
Package: nameref 2023-11-26 v2.56 Cross-referencing by name of section

(/home/davids/.miktex/texmfs/install/tex/latex/refcount/refcount.sty
Package: refcount 2019/12/15 v3.6 Data extraction from label references (HO)
)
(/home/davids/.miktex/texmfs/install/tex/generic/gettitlestring/gettitlestring.
sty
Package: gettitlestring 2019/12/15 v1.6 Cleanup title references (HO)
)
\c@section@level=\count361
) (/home/davids/.miktex/texmfs/install/tex/generic/stringenc/stringenc.sty
Package: stringenc 2019/11/29 v1.12 Convert strings between diff. encodings (HO
)
)
\@linkdim=\dimen322
\Hy@linkcounter=\count362
\Hy@pagecounter=\count363
(/usr/local/share/miktex-texmf/tex/latex/hyperref/pd1enc.def
File: pd1enc.def 2024-11-05 v7.01l Hyperref: PDFDocEncoding definition (HO)
Now handling font encoding PD1 ...
... no UTF-8 mapping file for font encoding PD1
)
(/home/davids/.miktex/texmfs/install/tex/generic/intcalc/intcalc.sty
Package: intcalc 2019/12/15 v1.3 Expandable calculations with integers (HO)
)
\Hy@SavedSpaceFactor=\count364

(/usr/local/share/miktex-texmf/tex/latex/hyperref/puenc.def
File: puenc.def 2024-11-05 v7.01l Hyperref: PDF Unicode definition (HO)
Now handling font encoding PU ...
... no UTF-8 mapping file for font encoding PU
)
Package hyperref Info: Option `colorlinks' set `true' on input line 4040.
Package hyperref Info: Option `breaklinks' set `true' on input line 4040.
Package hyperref Info: Option `unicode' set `true' on input line 4040.
Package hyperref Info: Hyper figures OFF on input line 4157.
Package hyperref Info: Link nesting OFF on input line 4162.
Package hyperref Info: Hyper index ON on input line 4165.
Package hyperref Info: Plain pages OFF on input line 4172.
Package hyperref Info: Backreferencing OFF on input line 4177.
Package hyperref Info: Implicit mode ON; LaTeX internals redefined.
Package hyperref Info: Bookmarks ON on input line 4424.
\c@Hy@tempcnt=\count365

(/home/davids/.miktex/texmfs/install/tex/latex/url/url.sty
\Urlmuskip=\muskip18
Package: url 2013/09/16  ver 3.4  Verb mode for urls, etc.
)
LaTeX Info: Redefining \url on input line 4763.
\XeTeXLinkMargin=\dimen323

(/home/davids/.miktex/texmfs/install/tex/generic/bitset/bitset.sty
Package: bitset 2019/12/09 v1.3 Handle bit-vector datatype (HO)

(/home/davids/.miktex/texmfs/install/tex/generic/bigintcalc/bigintcalc.sty
Package: bigintcalc 2019/12/15 v1.5 Expandable calculations on big integers (HO
)
))
\Fld@menulength=\count366
\Field@Width=\dimen324
\Fld@charsize=\dimen325
Package hyperref Info: Hyper figures OFF on input line 6042.
Package hyperref Info: Link nesting OFF on input line 6047.
Package hyperref Info: Hyper index ON on input line 6050.
Package hyperref Info: backreferencing OFF on input line 6057.
Package hyperref Info: Link coloring ON on input line 6060.
Package hyperref Info: Link coloring with OCG OFF on input line 6067.
Package hyperref Info: PDF/A mode OFF on input line 6072.

(/home/davids/.miktex/texmfs/install/tex/latex/base/atbegshi-ltx.sty
Package: atbegshi-ltx 2021/01/10 v1.0c Emulation of the original atbegshi
package with kernel methods
)
\Hy@abspage=\count367
\c@Item=\count368
\c@Hfootnote=\count369
)
Package hyperref Info: Driver (autodetected): hpdftex.

(/usr/local/share/miktex-texmf/tex/latex/hyperref/hpdftex.def
File: hpdftex.def 2024-11-05 v7.01l Hyperref driver for pdfTeX

(/home/davids/.miktex/texmfs/install/tex/latex/base/atveryend-ltx.sty
Package: atveryend-ltx 2020/08/19 v1.0a Emulation of the original atveryend pac
kage
with kernel methods
)
\Fld@listcount=\count370
\c@bookmark@seq@number=\count371

(/home/davids/.miktex/texmfs/install/tex/latex/rerunfilecheck/rerunfilecheck.st
y
Package: rerunfilecheck 2022-07-10 v1.10 Rerun checks for auxiliary files (HO)

(/home/davids/.miktex/texmfs/install/tex/generic/uniquecounter/uniquecounter.st
y
Package: uniquecounter 2019/12/15 v1.4 Provide unlimited unique counter (HO)
)
Package uniquecounter Info: New unique counter `rerunfilecheck' on input line 2
85.
)
\Hy@SectionHShift=\skip79
)) (/home/davids/.miktex/texmfs/install/tex/latex/csquotes/csquotes.sty
Package: csquotes 2024-04-04 v5.2o context-sensitive quotations (JAW)
\csq@reset=\count372
\csq@gtype=\count373
\csq@glevel=\count374
\csq@qlevel=\count375
\csq@maxlvl=\count376
\csq@tshold=\count377
\csq@ltx@everypar=\toks48

(/home/davids/.miktex/texmfs/install/tex/latex/csquotes/csquotes.def
File: csquotes.def 2024-04-04 v5.2o csquotes generic definitions (JAW)
)
Package csquotes Info: Trying to load configuration file 'csquotes.cfg'...
Package csquotes Info: ... configuration file loaded successfully.

(/home/davids/.miktex/texmfs/install/tex/latex/csquotes/csquotes.cfg
File: csquotes.cfg 
))
(/home/davids/.miktex/texmfs/install/tex/latex/biblatex/biblatex.sty
Package: biblatex 2024/03/21 v3.20 programmable bibliographies (PK/MW)

(/home/davids/.miktex/texmfs/install/tex/latex/logreq/logreq.sty
Package: logreq 2010/08/04 v1.0 xml request logger
\lrq@indent=\count378

(/home/davids/.miktex/texmfs/install/tex/latex/logreq/logreq.def
File: logreq.def 2010/08/04 v1.0 logreq spec v1.0
))
\c@tabx@nest=\count379
\c@listtotal=\count380
\c@listcount=\count381
\c@liststart=\count382
\c@liststop=\count383
\c@citecount=\count384
\c@citetotal=\count385
\c@multicitecount=\count386
\c@multicitetotal=\count387
\c@instcount=\count388
\c@maxnames=\count389
\c@minnames=\count390
\c@maxitems=\count391
\c@minitems=\count392
\c@citecounter=\count393
\c@maxcitecounter=\count394
\c@savedcitecounter=\count395
\c@uniquelist=\count396
\c@uniquename=\count397
\c@refsection=\count398
\c@refsegment=\count399
\c@maxextratitle=\count400
\c@maxextratitleyear=\count401
\c@maxextraname=\count402
\c@maxextradate=\count403
\c@maxextraalpha=\count404
\c@abbrvpenalty=\count405
\c@highnamepenalty=\count406
\c@lownamepenalty=\count407
\c@maxparens=\count408
\c@parenlevel=\count409
\blx@tempcnta=\count410
\blx@tempcntb=\count411
\blx@tempcntc=\count412
\c@blx@maxsection=\count413
\blx@maxsegment@0=\count414
\blx@notetype=\count415
\blx@parenlevel@text=\count416
\blx@parenlevel@foot=\count417
\blx@sectionciteorder@0=\count418
\blx@sectionciteorderinternal@0=\count419
\blx@entrysetcounter=\count420
\blx@biblioinstance=\count421
\labelnumberwidth=\skip80
\labelalphawidth=\skip81
\biblabelsep=\skip82
\bibitemsep=\skip83
\bibnamesep=\skip84
\bibinitsep=\skip85
\bibparsep=\skip86
\bibhang=\skip87
\blx@bcfin=\read4
\blx@bcfout=\write5
\blx@langwohyphens=\language3
\c@mincomprange=\count422
\c@maxcomprange=\count423
\c@mincompwidth=\count424
Package biblatex Info: Trying to load biblatex default data model...
Package biblatex Info: ... file 'blx-dm.def' found.

(/home/davids/.miktex/texmfs/install/tex/latex/biblatex/blx-dm.def
File: blx-dm.def 2024/03/21 v3.20 biblatex datamodel (PK/MW)
)
Package biblatex Info: Trying to load biblatex style data model...
Package biblatex Info: ... file 'iso-numeric.dbx' found.

(/home/davids/.miktex/texmfs/install/tex/latex/biblatex-iso690/iso-numeric.dbx
File: iso-numeric.dbx 2022/03/20 v0.4.1 ISO 690 biblatex data model extension
)
Package biblatex Info: Trying to load biblatex custom data model...
Package biblatex Info: ... file 'biblatex-dm.cfg' not found.
\c@afterword=\count425
\c@savedafterword=\count426
\c@annotator=\count427
\c@savedannotator=\count428
\c@author=\count429

LaTeX Warning: Command `\theauthor' already defined -- not changed on input lin
e 7528.

\c@savedauthor=\count430
\c@bookauthor=\count431
\c@savedbookauthor=\count432
\c@commentator=\count433
\c@savedcommentator=\count434
\c@editor=\count435
\c@savededitor=\count436
\c@editora=\count437
\c@savededitora=\count438
\c@editorb=\count439
\c@savededitorb=\count440
\c@editorc=\count441
\c@savededitorc=\count442
\c@foreword=\count443
\c@savedforeword=\count444
\c@holder=\count445
\c@savedholder=\count446
\c@introduction=\count447
\c@savedintroduction=\count448
\c@namea=\count449
\c@savednamea=\count450
\c@nameb=\count451
\c@savednameb=\count452
\c@namec=\count453
\c@savednamec=\count454
\c@translator=\count455
\c@savedtranslator=\count456
\c@shortauthor=\count457
\c@savedshortauthor=\count458
\c@shorteditor=\count459
\c@savedshorteditor=\count460
\c@supervisor=\count461
\c@savedsupervisor=\count462
\c@labelname=\count463
\c@savedlabelname=\count464
\c@institution=\count465
\c@savedinstitution=\count466
\c@lista=\count467
\c@savedlista=\count468
\c@listb=\count469
\c@savedlistb=\count470
\c@listc=\count471
\c@savedlistc=\count472
\c@listd=\count473
\c@savedlistd=\count474
\c@liste=\count475
\c@savedliste=\count476
\c@listf=\count477
\c@savedlistf=\count478
\c@location=\count479
\c@savedlocation=\count480
\c@organization=\count481
\c@savedorganization=\count482
\c@origlocation=\count483
\c@savedoriglocation=\count484
\c@origpublisher=\count485
\c@savedorigpublisher=\count486
\c@publisher=\count487
\c@savedpublisher=\count488
\c@language=\count489

LaTeX Warning: Command `\thelanguage' already defined -- not changed on input l
ine 7530.

\c@savedlanguage=\count490
\c@origlanguage=\count491
\c@savedoriglanguage=\count492
\c@pageref=\count493
\c@savedpageref=\count494
\shorthandwidth=\skip88
\shortjournalwidth=\skip89
\shortserieswidth=\skip90
\shorttitlewidth=\skip91
\shortauthorwidth=\skip92
\shorteditorwidth=\skip93
\locallabelnumberwidth=\skip94
\locallabelalphawidth=\skip95
\localshorthandwidth=\skip96
\localshortjournalwidth=\skip97
\localshortserieswidth=\skip98
\localshorttitlewidth=\skip99
\localshortauthorwidth=\skip100
\localshorteditorwidth=\skip101
Package biblatex Info: Trying to load compatibility code...
Package biblatex Info: ... file 'blx-compat.def' found.
(/home/davids/.miktex/texmfs/install/tex/latex/biblatex/blx-compat.def
File: blx-compat.def 2024/03/21 v3.20 biblatex compatibility (PK/MW)
)
Package biblatex Info: Trying to load generic definitions...
Package biblatex Info: ... file 'biblatex.def' found.

(/home/davids/.miktex/texmfs/install/tex/latex/biblatex/biblatex.def
File: biblatex.def 2024/03/21 v3.20 biblatex compatibility (PK/MW)
\c@textcitecount=\count495
\c@textcitetotal=\count496
\c@textcitemaxnames=\count497
\c@biburlbigbreakpenalty=\count498
\c@biburlbreakpenalty=\count499
\c@biburlnumpenalty=\count500
\c@biburlucpenalty=\count501
\c@biburllcpenalty=\count502
\biburlbigskip=\muskip19
\biburlnumskip=\muskip20
\biburlucskip=\muskip21
\biburllcskip=\muskip22
\c@smartand=\count503
)
Package biblatex Info: Trying to load bibliography style 'iso-numeric'...
Package biblatex Info: ... file 'iso-numeric.bbx' found.

(/home/davids/.miktex/texmfs/install/tex/latex/biblatex-iso690/iso-numeric.bbx
File: iso-numeric.bbx 2022/03/20 v0.4.1 ISO 690 biblatex bibliography style
Package biblatex Info: Trying to load bibliography style 'iso'...
Package biblatex Info: ... file 'iso.bbx' found.

(/home/davids/.miktex/texmfs/install/tex/latex/biblatex-iso690/iso.bbx
File: iso.bbx 2022/03/20 v0.4.1 ISO 690 biblatex bibliography style
Package biblatex-iso690 Info: Space colon enabled: false.
Package biblatex-iso690 Info: Total pages enabled: false.
Package biblatex-iso690 Info: Short numeration enabled: false.
Package biblatex-iso690 Info: Thesis info in the notes section enabled: true.
Package biblatex-iso690 Info: URL field enabled: true.
Package biblatex-iso690 Info: ISBN field enabled: true.
Package biblatex-iso690 Info: DOI field enabled: true.
Package biblatex-iso690 Info: eprint field enabled: true.
Package biblatex-iso690 Info: Article publication info enabled: false.
Package biblatex-iso690 Info: Use current language for the bibliography: false.

Package biblatex-iso690 Info: Use no end dot for the bibliography entries: fals
e.
Package biblatex Info: Delimiter 'multinamedelim' in context '' already defined
, overwriting.
Package biblatex Info: Delimiter 'finalnamedelim' in context '' already defined
, overwriting.
Package biblatex Info: Delimiter 'editortypedelim' in context '' already define
d, overwriting.
Package biblatex Info: Delimiter 'authortypedelim' in context '' already define
d, overwriting.
))
Package biblatex Info: Trying to load citation style 'iso-numeric'...
Package biblatex Info: ... file 'iso-numeric.cbx' found.

(/home/davids/.miktex/texmfs/install/tex/latex/biblatex-iso690/iso-numeric.cbx
File: iso-numeric.cbx 2022/03/20 v0.4.1 ISO 690 biblatex citation style
Package biblatex Info: Trying to load citation style 'numeric'...
Package biblatex Info: ... file 'numeric.cbx' found.

(/home/davids/.miktex/texmfs/install/tex/latex/biblatex/cbx/numeric.cbx
File: numeric.cbx 2024/03/21 v3.20 biblatex citation style (PK/MW)
Package biblatex Info: Redefining '\cite'.
Package biblatex Info: Redefining '\parencite'.
Package biblatex Info: Redefining '\footcite'.
Package biblatex Info: Redefining '\footcitetext'.
Package biblatex Info: Redefining '\smartcite'.
Package biblatex Info: Redefining '\supercite'.
Package biblatex Info: Redefining '\textcite'.
Package biblatex Info: Redefining '\textcites'.
Package biblatex Info: Redefining '\cites'.
Package biblatex Info: Redefining '\parencites'.
Package biblatex Info: Redefining '\smartcites'.
)
Package biblatex Info: Trying to load citation style 'iso-fullcite'...
Package biblatex Info: ... file 'iso-fullcite.cbx' found.

(/home/davids/.miktex/texmfs/install/tex/latex/biblatex-iso690/iso-fullcite.cbx
File: iso-fullcite.cbx 2022/03/20 v0.4.1 ISO 690 biblatex fullcite modification
s
Package biblatex Info: Redefining '\fullcite'.
Package biblatex Info: Redefining '\footfullcite'.
)
Package biblatex Info: Redefining '\parencite'.
)
Package biblatex Info: Trying to load configuration file...
Package biblatex Info: ... file 'biblatex.cfg' found.
 (/home/davids/.miktex/texmfs/install/tex/latex/biblatex/biblatex.cfg
File: biblatex.cfg 
)
Package biblatex Info: Input encoding 'utf8' detected.
Package biblatex Info: Document encoding is UTF8 ....
Package biblatex Info: ... and expl3
(biblatex)             2025-04-14 L3 programming layer (loader) 
(biblatex)             is new enough (at least 2020/04/06),
(biblatex)             setting 'casechanger=expl3'.

(/home/davids/.miktex/texmfs/install/tex/latex/biblatex/blx-case-expl3.sty
(/home/davids/.miktex/texmfs/install/tex/latex/l3packages/xparse/xparse.sty
Package: xparse 2024-08-16 L3 Experimental document command parser
)
Package: blx-case-expl3 2024/03/21 v3.20 expl3 case changing code for biblatex
))
Package csquotes Info: Checking for multilingual support...
Package csquotes Info: ... found 'babel' package.
Package csquotes Info: Adjusting default style.
Package csquotes Info: Redefining alias 'default' -> 'czech'.
LaTeX Font Info:    Trying to load font information for T1+lmr on input line 35
.

(/home/davids/.miktex/texmfs/install/tex/latex/lm/t1lmr.fd
File: t1lmr.fd 2015/05/01 v1.6.1 Font defs for Latin Modern
) (_MAIN.aux)
\openout1 = `_MAIN.aux'.

LaTeX Font Info:    Checking defaults for OML/cmm/m/it on input line 35.
LaTeX Font Info:    ... okay on input line 35.
LaTeX Font Info:    Checking defaults for OMS/cmsy/m/n on input line 35.
LaTeX Font Info:    ... okay on input line 35.
LaTeX Font Info:    Checking defaults for OT1/cmr/m/n on input line 35.
LaTeX Font Info:    ... okay on input line 35.
LaTeX Font Info:    Checking defaults for T1/cmr/m/n on input line 35.
LaTeX Font Info:    ... okay on input line 35.
LaTeX Font Info:    Checking defaults for TS1/cmr/m/n on input line 35.
LaTeX Font Info:    ... okay on input line 35.
LaTeX Font Info:    Checking defaults for OMX/cmex/m/n on input line 35.
LaTeX Font Info:    ... okay on input line 35.
LaTeX Font Info:    Checking defaults for U/cmr/m/n on input line 35.
LaTeX Font Info:    ... okay on input line 35.
LaTeX Font Info:    Checking defaults for PD1/pdf/m/n on input line 35.
LaTeX Font Info:    ... okay on input line 35.
LaTeX Font Info:    Checking defaults for PU/pdf/m/n on input line 35.
LaTeX Font Info:    ... okay on input line 35.

(/home/davids/.miktex/texmfs/install/tex/context/base/mkii/supp-pdf.mkii
[Loading MPS to PDF converter (version 2006.09.02).]
\scratchcounter=\count504
\scratchdimen=\dimen326
\scratchbox=\box121
\nofMPsegments=\count505
\nofMParguments=\count506
\everyMPshowfont=\toks49
\MPscratchCnt=\count507
\MPscratchDim=\dimen327
\MPnumerator=\count508
\makeMPintoPDFobject=\count509
\everyMPtoPDFconversion=\toks50
)
Package caption Info: Begin \AtBeginDocument code.
Package caption Info: float package is loaded.
Package caption Info: hyperref package is loaded.
Package caption Info: listings package is loaded.
Package caption Info: End \AtBeginDocument code.
\c@lstlisting=\count510

*geometry* driver: auto-detecting
*geometry* detected driver: pdftex
*geometry* verbose mode - [ preamble ] result:
* driver: pdftex
* paper: a4paper
* layout: <same size as paper>
* layoutoffset:(h,v)=(0.0pt,0.0pt)
* modes: twoside 
* h-part:(L,W,R)=(71.13188pt, 455.24411pt, 71.13188pt)
* v-part:(T,H,B)=(82.51282pt, 682.86623pt, 79.6678pt)
* \paperwidth=597.50787pt
* \paperheight=845.04684pt
* \textwidth=455.24411pt
* \textheight=682.86623pt
* \oddsidemargin=-1.1381pt
* \evensidemargin=-1.1381pt
* \topmargin=-21.63097pt
* \headheight=16.0pt
* \headsep=19.8738pt
* \topskip=12.0pt
* \footskip=30.0pt
* \marginparwidth=88.0pt
* \marginparsep=7.0pt
* \columnsep=10.0pt
* \skip\footins=10.8pt plus 4.0pt minus 2.0pt
* \hoffset=0.0pt
* \voffset=0.0pt
* \mag=1000
* \@twocolumnfalse
* \@twosidetrue
* \@mparswitchtrue
* \@reversemarginfalse
* (1in=72.27pt=25.4mm, 1cm=28.453pt)

Package hyperref Info: Link coloring ON on input line 35.
(_MAIN.out) (_MAIN.out)
\@outlinefile=\write6
\openout6 = `_MAIN.out'.

Package biblatex Info: Trying to load language 'czech' -> 'czech-iso'...
Package biblatex Info: ... file 'czech-iso.lbx' found.

(/home/davids/.miktex/texmfs/install/tex/latex/biblatex-iso690/czech-iso.lbx
File: czech-iso.lbx 2022/03/20 v0.4.1 ISO 690 extended biblatex localization
Package biblatex Info: Trying to load language 'czech'...
Package biblatex Info: ... file 'czech.lbx' found.

(/home/davids/.miktex/texmfs/install/tex/latex/biblatex/lbx/czech.lbx
File: czech.lbx 2024/03/21 v3.20 biblatex localization (PK/MW)
)
Package biblatex Info: Trying to load language 'czech'...
Package biblatex Info: ... file 'czech.lbx' found.

(/home/davids/.miktex/texmfs/install/tex/latex/biblatex/lbx/czech.lbx
File: czech.lbx 2024/03/21 v3.20 biblatex localization (PK/MW)
))
Package biblatex Info: Input encoding 'utf8' detected.
Package biblatex Info: Automatic encoding selection.
(biblatex)             Assuming data encoding 'utf8'.
\openout5 = `_MAIN.bcf'.

Package biblatex Info: Trying to load bibliographic data...
Package biblatex Info: ... file '_MAIN.bbl' found.

(_MAIN.bbl)
Package biblatex Info: Reference section=0 on input line 35.
Package biblatex Info: Reference segment=0 on input line 35.


pdfTeX warning: pdflatex (file ./introPages/TitulniList.pdf): PDF inclusion: fo
und PDF version <1.7>, but at most version <1.5> allowed
<introPages/TitulniList.pdf, id=166, 597.51233pt x 845.0471pt>
File: introPages/TitulniList.pdf Graphic file (type pdf)
<use introPages/TitulniList.pdf>
Package pdftex.def Info: introPages/TitulniList.pdf  used on input line 38.
(pdftex.def)             Requested size: 597.51086pt x 845.04504pt.


pdfTeX warning: pdflatex (file ./introPages/TitulniList.pdf): PDF inclusion: fo
und PDF version <1.7>, but at most version <1.5> allowed


pdfTeX warning: pdflatex (file ./introPages/TitulniList.pdf): PDF inclusion: fo
und PDF version <1.7>, but at most version <1.5> allowed
<introPages/TitulniList.pdf, id=168, page=1, 597.51233pt x 845.0471pt>
File: introPages/TitulniList.pdf Graphic file (type pdf)
<use introPages/TitulniList.pdf, page 1>
Package pdftex.def Info: introPages/TitulniList.pdf , page1 used on input line 
38.
(pdftex.def)             Requested size: 597.51086pt x 845.04504pt.
File: introPages/TitulniList.pdf Graphic file (type pdf)
<use introPages/TitulniList.pdf, page 1>
Package pdftex.def Info: introPages/TitulniList.pdf , page1 used on input line 
38.
(pdftex.def)             Requested size: 597.53821pt x 845.08372pt.
File: introPages/TitulniList.pdf Graphic file (type pdf)
<use introPages/TitulniList.pdf, page 1>
Package pdftex.def Info: introPages/TitulniList.pdf , page1 used on input line 
38.
(pdftex.def)             Requested size: 597.53821pt x 845.08372pt.
File: introPages/TitulniList.pdf Graphic file (type pdf)
<use introPages/TitulniList.pdf, page 1>
Package pdftex.def Info: introPages/TitulniList.pdf , page1 used on input line 
38.
(pdftex.def)             Requested size: 597.53821pt x 845.08372pt.


File: introPages/TitulniList.pdf Graphic file (type pdf)
<use introPages/TitulniList.pdf, page 1>
Package pdftex.def Info: introPages/TitulniList.pdf , page1 used on input line 
38.
(pdftex.def)             Requested size: 597.53821pt x 845.08372pt.
[1


 <./introPages/TitulniList.pdf>]

pdfTeX warning: pdflatex (file ./introPages/Zadani.pdf): PDF inclusion: found P
DF version <1.7>, but at most version <1.5> allowed
<introPages/Zadani.pdf, id=183, 597.51233pt x 845.0471pt>
File: introPages/Zadani.pdf Graphic file (type pdf)
<use introPages/Zadani.pdf>
Package pdftex.def Info: introPages/Zadani.pdf  used on input line 38.
(pdftex.def)             Requested size: 597.51086pt x 845.04504pt.


pdfTeX warning: pdflatex (file ./introPages/Zadani.pdf): PDF inclusion: found P
DF version <1.7>, but at most version <1.5> allowed


pdfTeX warning: pdflatex (file ./introPages/Zadani.pdf): PDF inclusion: found P
DF version <1.7>, but at most version <1.5> allowed
<introPages/Zadani.pdf, id=185, page=1, 597.51233pt x 845.0471pt>
File: introPages/Zadani.pdf Graphic file (type pdf)
<use introPages/Zadani.pdf, page 1>
Package pdftex.def Info: introPages/Zadani.pdf , page1 used on input line 38.
(pdftex.def)             Requested size: 597.51086pt x 845.04504pt.
File: introPages/Zadani.pdf Graphic file (type pdf)
<use introPages/Zadani.pdf, page 1>
Package pdftex.def Info: introPages/Zadani.pdf , page1 used on input line 38.
(pdftex.def)             Requested size: 597.53821pt x 845.08372pt.
File: introPages/Zadani.pdf Graphic file (type pdf)
<use introPages/Zadani.pdf, page 1>
Package pdftex.def Info: introPages/Zadani.pdf , page1 used on input line 38.
(pdftex.def)             Requested size: 597.53821pt x 845.08372pt.
File: introPages/Zadani.pdf Graphic file (type pdf)
<use introPages/Zadani.pdf, page 1>
Package pdftex.def Info: introPages/Zadani.pdf , page1 used on input line 38.
(pdftex.def)             Requested size: 597.53821pt x 845.08372pt.


File: introPages/Zadani.pdf Graphic file (type pdf)
<use introPages/Zadani.pdf, page 1>
Package pdftex.def Info: introPages/Zadani.pdf , page1 used on input line 38.
(pdftex.def)             Requested size: 597.53821pt x 845.08372pt.
[2

 <./introPages/Zadani.pdf>]

pdfTeX warning: pdflatex (file ./introPages/Zadani.pdf): PDF inclusion: found P
DF version <1.7>, but at most version <1.5> allowed
<introPages/Zadani.pdf, id=206, page=2, 597.51233pt x 845.0471pt>
File: introPages/Zadani.pdf Graphic file (type pdf)
<use introPages/Zadani.pdf, page 2>
Package pdftex.def Info: introPages/Zadani.pdf , page2 used on input line 38.
(pdftex.def)             Requested size: 597.53821pt x 845.08372pt.
File: introPages/Zadani.pdf Graphic file (type pdf)
<use introPages/Zadani.pdf, page 2>
Package pdftex.def Info: introPages/Zadani.pdf , page2 used on input line 38.
(pdftex.def)             Requested size: 597.53821pt x 845.08372pt.


File: introPages/Zadani.pdf Graphic file (type pdf)
<use introPages/Zadani.pdf, page 2>
Package pdftex.def Info: introPages/Zadani.pdf , page2 used on input line 38.
(pdftex.def)             Requested size: 597.53821pt x 845.08372pt.
[3

 <./introPages/Zadani.pdf>]
Underfull \hbox (badness 10000) in paragraph at lines 50--50

 []



[4{/home/davids/.miktex/texmfs/data/fonts/map/pdftex/pdftex.map}{/home/davids/.
miktex/texmfs/install/fonts/enc/dvips/lm/lm-ec.enc}]

[5]

[6] (_MAIN.toc
LaTeX Font Info:    Trying to load font information for OT1+lmr on input line 6
.
 (/home/davids/.miktex/texmfs/install/tex/latex/lm/ot1lmr.fd
File: ot1lmr.fd 2015/05/01 v1.6.1 Font defs for Latin Modern
)
LaTeX Font Info:    Trying to load font information for OML+lmm on input line 6
.

(/home/davids/.miktex/texmfs/install/tex/latex/lm/omllmm.fd
File: omllmm.fd 2015/05/01 v1.6.1 Font defs for Latin Modern
)
LaTeX Font Info:    Trying to load font information for OMS+lmsy on input line 
6.

(/home/davids/.miktex/texmfs/install/tex/latex/lm/omslmsy.fd
File: omslmsy.fd 2015/05/01 v1.6.1 Font defs for Latin Modern
)
LaTeX Font Info:    Trying to load font information for OMX+lmex on input line 
6.

(/home/davids/.miktex/texmfs/install/tex/latex/lm/omxlmex.fd
File: omxlmex.fd 2015/05/01 v1.6.1 Font defs for Latin Modern
)
LaTeX Font Info:    External font `lmex10' loaded for size
(Font)              <12> on input line 6.
LaTeX Font Info:    External font `lmex10' loaded for size
(Font)              <8> on input line 6.
LaTeX Font Info:    External font `lmex10' loaded for size
(Font)              <6> on input line 6.
LaTeX Font Info:    Trying to load font information for U+msa on input line 6.

(/home/davids/.miktex/texmfs/install/tex/latex/amsfonts/umsa.fd
File: umsa.fd 2013/01/14 v3.01 AMS symbols A
)
LaTeX Font Info:    Trying to load font information for U+msb on input line 6.

(/home/davids/.miktex/texmfs/install/tex/latex/amsfonts/umsb.fd
File: umsb.fd 2013/01/14 v3.01 AMS symbols B
)

[7

])
\tf@toc=\write7
\openout7 = `_MAIN.toc'.



[8] (chapters/1_Uvod.tex
Underfull \vbox (badness 10000) has occurred while \output is active []



[9

]) (chapters/2_Reere.tex

Package babel Info: 'czech' activates 'czech' shorthands.
(babel)             Reported  on input line 2.
[10]
Kapitola 1.

Overfull \hbox (4.17517pt too wide) in paragraph at lines 3--3
|[]\T1/lmr/bx/n/17.28 Frekvenn mnie a je-jich role v zen do-pravnk| 
 []


Underfull \vbox (badness 10000) has occurred while \output is active []



[11

]
Overfull \hbox (5.7435pt too wide) in paragraph at lines 15--16
[]\T1/lmr/m/n/12 V kon-textu tchto zk-ouek nen nezbytn, aby frekvenn mni
e ko-mu-niko-valy prosted-
 []


Underfull \vbox (badness 10000) has occurred while \output is active []



[12{/home/davids/.miktex/texmfs/install/fonts/enc/dvips/lm/lm-rm.enc}{/home/dav
ids/.miktex/texmfs/install/fonts/enc/dvips/lm/lm-mathit.enc}{/home/davids/.mikt
ex/texmfs/install/fonts/enc/dvips/lm/lm-mathex.enc}]
Overfull \hbox (3.46046pt too wide) in paragraph at lines 52--53
\T1/lmr/m/n/12 Asynchronn mo-tor, kter je nap-jen z vkonov sti frekvenn
ho mnie m dva provozn
 []

<images/ProvozniRezimyAMSFrekvencnimMenicem.png, id=312, 899.61093pt x 462.9796
9pt>
File: images/ProvozniRezimyAMSFrekvencnimMenicem.png Graphic file (type png)
<use images/ProvozniRezimyAMSFrekvencnimMenicem.png>
Package pdftex.def Info: images/ProvozniRezimyAMSFrekvencnimMenicem.png  used o
n input line 56.
(pdftex.def)             Requested size: 455.24411pt x 234.2868pt.

Underfull \vbox (badness 10000) has occurred while \output is active []



[13 <./images/ProvozniRezimyAMSFrekvencnimMenicem.png>]
<images/Sinamics_G120D.png, id=332, 4336.2pt x 2439.1125pt>
File: images/Sinamics_G120D.png Graphic file (type png)
<use images/Sinamics_G120D.png>
Package pdftex.def Info: images/Sinamics_G120D.png  used on input line 83.
(pdftex.def)             Requested size: 364.19667pt x 204.84683pt.

Underfull \vbox (badness 10000) has occurred while \output is active []



[14 <./images/Sinamics_G120D.png>]
LaTeX Font Info:    Trying to load font information for TS1+lmr on input line 1
00.

(/home/davids/.miktex/texmfs/install/tex/latex/lm/ts1lmr.fd
File: ts1lmr.fd 2015/05/01 v1.6.1 Font defs for Latin Modern
)
<images/CU240comissioning.png, id=343, 635.37375pt x 395.97937pt>
File: images/CU240comissioning.png Graphic file (type png)
<use images/CU240comissioning.png>
Package pdftex.def Info: images/CU240comissioning.png  used on input line 107.
(pdftex.def)             Requested size: 318.66948pt x 198.6055pt.


[15{/home/davids/.miktex/texmfs/install/fonts/enc/dvips/lm/lm-ts1.enc} <./image
s/CU240comissioning.png>]
Overfull \hbox (1.24539pt too wide) in paragraph at lines 144--146
\T1/lmr/m/n/12 vyaduje pipo-jen dalho ka-belu na kterm bude v ob-vodu um
stn bezpenos-tn tlatko
 []



[16]
Overfull \hbox (4.51154pt too wide) in paragraph at lines 177--178
\T1/lmr/m/n/12 hlavn vhody pat monost pipo-jen vvo-jov desky po-moc k
olkovch lit, co umouje
 []


Underfull \vbox (badness 10000) has occurred while \output is active []



[17]
<images/WEMOS_D1_Mini_Pro.png, id=372, 1027.84pt x 770.88pt>
File: images/WEMOS_D1_Mini_Pro.png Graphic file (type png)
<use images/WEMOS_D1_Mini_Pro.png>
Package pdftex.def Info: images/WEMOS_D1_Mini_Pro.png  used on input line 200.
(pdftex.def)             Requested size: 364.19667pt x 273.15263pt.


[18]

[19 <./images/WEMOS_D1_Mini_Pro.png>]
<images/Platformio_Ukazka.png, id=393, 822.07124pt x 557.83406pt>
File: images/Platformio_Ukazka.png Graphic file (type png)
<use images/Platformio_Ukazka.png>
Package pdftex.def Info: images/Platformio_Ukazka.png  used on input line 249.
(pdftex.def)             Requested size: 409.71692pt x 278.0226pt.
LaTeX Font Info:    Trying to load font information for T1+lmtt on input line 2
57.

(/home/davids/.miktex/texmfs/install/tex/latex/lm/t1lmtt.fd
File: t1lmtt.fd 2015/05/01 v1.6.1 Font defs for Latin Modern
)

[20]
<images/ESPWebserverUkazka.png, id=402, 368.1253pt x 200.24812pt>
File: images/ESPWebserverUkazka.png Graphic file (type png)
<use images/ESPWebserverUkazka.png>
Package pdftex.def Info: images/ESPWebserverUkazka.png  used on input line 269.

(pdftex.def)             Requested size: 318.66948pt x 173.3589pt.
 (/home/davids/.miktex/texmfs/install/tex/latex/listings/lstlang1.sty
File: lstlang1.sty 2024/09/23 1.10c listings language file
)
(/home/davids/.miktex/texmfs/install/tex/latex/listings/lstlang1.sty
File: lstlang1.sty 2024/09/23 1.10c listings language file
)
(/home/davids/.miktex/texmfs/install/tex/latex/listings/lstmisc.sty
File: lstmisc.sty 2024/09/23 1.10c (Carsten Heinz)
)
Underfull \vbox (badness 10000) has occurred while \output is active []



[21 <./images/Platformio_Ukazka.png> <./images/ESPWebserverUkazka.png>]
Package hyperref Info: bookmark level for unknown lstlisting defaults to 0 on i
nput line 274.
LaTeX Font Info:    Trying to load font information for T1+pcr on input line 27
4.

(/home/davids/.miktex/texmfs/install/tex/latex/psnfss/t1pcr.fd
File: t1pcr.fd 2001/06/04 font definitions for T1/pcr.
)
LaTeX Font Info:    Trying to load font information for TS1+pcr on input line 2
79.

(/home/davids/.miktex/texmfs/install/tex/latex/psnfss/ts1pcr.fd
File: ts1pcr.fd 2001/06/04 font definitions for TS1/pcr.
)
Underfull \vbox (badness 10000) has occurred while \output is active []



[22{/home/davids/.miktex/texmfs/install/fonts/enc/dvips/base/8r.enc}])
(chapters/3_Nvrh zazen.tex

[23]
Kapitola 2.
<images/FunkcniSchema_DvaOvladace.png, id=485, 1079.4729pt x 597.6729pt>
File: images/FunkcniSchema_DvaOvladace.png Graphic file (type png)
<use images/FunkcniSchema_DvaOvladace.png>
Package pdftex.def Info: images/FunkcniSchema_DvaOvladace.png  used on input li
ne 16.
(pdftex.def)             Requested size: 455.24411pt x 252.05144pt.

Underfull \vbox (badness 10000) has occurred while \output is active []



[24

 <./images/FunkcniSchema_DvaOvladace.png (PNG copy)>]
<images/obrazekKrabicky_annot.png, id=493, 2312.64pt x 3083.52pt>
File: images/obrazekKrabicky_annot.png Graphic file (type png)
<use images/obrazekKrabicky_annot.png>
Package pdftex.def Info: images/obrazekKrabicky_annot.png  used on input line 2
9.
(pdftex.def)             Requested size: 318.66948pt x 424.86751pt.

Underfull \vbox (badness 10000) has occurred while \output is active []



[25 <./images/obrazekKrabicky_annot.png>]
<images/MobilniLanding.png, id=503, 279.29344pt x 592.46344pt>
File: images/MobilniLanding.png Graphic file (type png)
<use images/MobilniLanding.png>
Package pdftex.def Info: images/MobilniLanding.png  used on input line 39.
(pdftex.def)             Requested size: 136.57797pt x 291.09613pt.
<images/MobilniSetup.png, id=504, 401.5pt x 846.16125pt>
File: images/MobilniSetup.png Graphic file (type png)
<use images/MobilniSetup.png>
Package pdftex.def Info: images/MobilniSetup.png  used on input line 44.
(pdftex.def)             Requested size: 136.57558pt x 291.08672pt.
<images/MobilniHelp.png, id=505, 401.5pt x 846.16125pt>
File: images/MobilniHelp.png Graphic file (type png)
<use images/MobilniHelp.png>
Package pdftex.def Info: images/MobilniHelp.png  used on input line 49.
(pdftex.def)             Requested size: 136.57558pt x 291.08672pt.

Overfull \hbox (1.70915pt too wide) in paragraph at lines 58--59
\T1/lmr/m/n/12 kter by sys-tm ml splo-vat. Tyto poa-davky re-flek-tuj ne-
jenom poa-davky od spolenosti
 []



[26 <./images/MobilniLanding.png> <./images/MobilniSetup.png> <./images/Mobilni
Help.png>]

pdfTeX warning: pdflatex (file ./images/Electrical_Schematic_V2.drawio.pdf): PD
F inclusion: found PDF version <1.7>, but at most version <1.5> allowed
<images/Electrical_Schematic_V2.drawio.pdf, id=515, 587.3142pt x 346.4142pt>
File: images/Electrical_Schematic_V2.drawio.pdf Graphic file (type pdf)
<use images/Electrical_Schematic_V2.drawio.pdf>
Package pdftex.def Info: images/Electrical_Schematic_V2.drawio.pdf  used on inp
ut line 84.
(pdftex.def)             Requested size: 455.24411pt x 268.51051pt.


[27 <./images/Electrical_Schematic_V2.drawio.pdf>]
<images/PCBfront.png, id=542, 382.42876pt x 682.04813pt>
File: images/PCBfront.png Graphic file (type png)
<use images/PCBfront.png>
Package pdftex.def Info: images/PCBfront.png  used on input line 106.
(pdftex.def)             Requested size: 218.51521pt x 389.71852pt.
<images/PCBback.png, id=543, 381.67593pt x 683.55376pt>
File: images/PCBback.png Graphic file (type png)
<use images/PCBback.png>
Package pdftex.def Info: images/PCBback.png  used on input line 112.
(pdftex.def)             Requested size: 218.51521pt x 391.34024pt.


pdfTeX warning: pdflatex (file ./images/OvladaniRele.drawio.pdf): PDF inclusion
: found PDF version <1.7>, but at most version <1.5> allowed
<images/OvladaniRele.drawio.pdf, id=545, 202.8378pt x 212.71469pt>
File: images/OvladaniRele.drawio.pdf Graphic file (type pdf)
<use images/OvladaniRele.drawio.pdf>
Package pdftex.def Info: images/OvladaniRele.drawio.pdf  used on input line 131
.
(pdftex.def)             Requested size: 273.14923pt x 286.4838pt.


[28]

[29 <./images/PCBfront.png> <./images/PCBback.png>]
<images/predni_LCD_s_I2C.jpg, id=561, 770.88pt x 578.16pt>
File: images/predni_LCD_s_I2C.jpg Graphic file (type jpg)
<use images/predni_LCD_s_I2C.jpg>
Package pdftex.def Info: images/predni_LCD_s_I2C.jpg  used on input line 155.
(pdftex.def)             Requested size: 218.51521pt x 163.88629pt.
<images/zadni_LCD_s_I2C.jpg, id=562, 770.88pt x 578.16pt>
File: images/zadni_LCD_s_I2C.jpg Graphic file (type jpg)
<use images/zadni_LCD_s_I2C.jpg>
Package pdftex.def Info: images/zadni_LCD_s_I2C.jpg  used on input line 161.
(pdftex.def)             Requested size: 218.51521pt x 163.88629pt.


[30 <./images/OvladaniRele.drawio.pdf>]
Underfull \vbox (badness 10000) has occurred while \output is active []



[31 <./images/predni_LCD_s_I2C.jpg> <./images/zadni_LCD_s_I2C.jpg>]
(codes/ConveyorControllerHeader.tex
Underfull \vbox (badness 10000) has occurred while \output is active []



[32]
Underfull \vbox (badness 10000) has occurred while \output is active []



[33])

[34]

pdfTeX warning: pdflatex (file ./images/StateFlow_Firmwaru_top.drawio.pdf): PDF
 inclusion: found PDF version <1.7>, but at most version <1.5> allowed
<images/StateFlow_Firmwaru_top.drawio.pdf, id=686, 587.3142pt x 274.1442pt>
File: images/StateFlow_Firmwaru_top.drawio.pdf Graphic file (type pdf)
<use images/StateFlow_Firmwaru_top.drawio.pdf>
Package pdftex.def Info: images/StateFlow_Firmwaru_top.drawio.pdf  used on inpu
t line 242.
(pdftex.def)             Requested size: 455.24411pt x 212.493pt.

Underfull \vbox (badness 7540) has occurred while \output is active []



[35]

pdfTeX warning: pdflatex (file ./images/StateFlow_Firmwaru_left.drawio.pdf): PD
F inclusion: found PDF version <1.7>, but at most version <1.5> allowed
<images/StateFlow_Firmwaru_left.drawio.pdf, id=692, 536.0025pt x 270.0489pt>
File: images/StateFlow_Firmwaru_left.drawio.pdf Graphic file (type pdf)
<use images/StateFlow_Firmwaru_left.drawio.pdf>
Package pdftex.def Info: images/StateFlow_Firmwaru_left.drawio.pdf  used on inp
ut line 251.
(pdftex.def)             Requested size: 455.24411pt x 229.36134pt.

Underfull \vbox (badness 10000) has occurred while \output is active []



[36 <./images/StateFlow_Firmwaru_top.drawio.pdf> <./images/StateFlow_Firmwaru_l
eft.drawio.pdf>]
LaTeX Font Info:    External font `lmex10' loaded for size
(Font)              <10> on input line 260.
LaTeX Font Info:    External font `lmex10' loaded for size
(Font)              <7> on input line 260.
LaTeX Font Info:    External font `lmex10' loaded for size
(Font)              <5> on input line 260.


pdfTeX warning: pdflatex (file ./images/StateFlow_Firmwaru_right.drawio.pdf): P
DF inclusion: found PDF version <1.7>, but at most version <1.5> allowed
<images/StateFlow_Firmwaru_right.drawio.pdf, id=734, 570.21031pt x 349.305pt>
File: images/StateFlow_Firmwaru_right.drawio.pdf Graphic file (type pdf)
<use images/StateFlow_Firmwaru_right.drawio.pdf>
Package pdftex.def Info: images/StateFlow_Firmwaru_right.drawio.pdf  used on in
put line 266.
(pdftex.def)             Requested size: 455.24411pt x 278.88472pt.


[37 <./images/StateFlow_Firmwaru_right.drawio.pdf>]

[38]
Underfull \vbox (badness 10000) has occurred while \output is active []



[39]

[40]

[41]

[42]
LaTeX Info: Symbol \textasciigrave not provided by
            font family pcr in TS1 encoding.
            Default family used instead on input line 432.
LaTeX Info: Symbol \textasciigrave not provided by
            font family pcr in TS1 encoding.
            Default family used instead on input line 432.


[43]
<images/WebServerLandingPage.png, id=866, 405.76593pt x 431.36156pt>
File: images/WebServerLandingPage.png Graphic file (type png)
<use images/WebServerLandingPage.png>
Package pdftex.def Info: images/WebServerLandingPage.png  used on input line 45
9.
(pdftex.def)             Requested size: 273.14923pt x 290.38638pt.

Underfull \vbox (badness 10000) has occurred while \output is active []



[44 <./images/WebServerLandingPage.png>]
LaTeX Info: Symbol \textasciigrave not provided by
            font family pcr in TS1 encoding.
            Default family used instead on input line 481.
LaTeX Font Info:    Trying to load font information for TS1+lmtt on input line 
481.

(/home/davids/.miktex/texmfs/install/tex/latex/lm/ts1lmtt.fd
File: ts1lmtt.fd 2015/05/01 v1.6.1 Font defs for Latin Modern
)
LaTeX Info: Symbol \textasciigrave not provided by
            font family pcr in TS1 encoding.
            Default family used instead on input line 497.
LaTeX Info: Symbol \textasciigrave not provided by
            font family pcr in TS1 encoding.
            Default family used instead on input line 497.


[45]

pdfTeX warning: pdflatex (file ./images/LandingPage_Annot.drawio.pdf): PDF incl
usion: found PDF version <1.7>, but at most version <1.5> allowed
<images/LandingPage_Annot.drawio.pdf, id=919, 723.66356pt x 523.9575pt>
File: images/LandingPage_Annot.drawio.pdf Graphic file (type pdf)
<use images/LandingPage_Annot.drawio.pdf>
Package pdftex.def Info: images/LandingPage_Annot.drawio.pdf  used on input lin
e 539.
(pdftex.def)             Requested size: 455.24411pt x 329.60728pt.

Underfull \vbox (badness 10000) has occurred while \output is active []



[46]
Underfull \vbox (badness 10000) has occurred while \output is active []



[47 <./images/LandingPage_Annot.drawio.pdf>]
Underfull \vbox (badness 10000) has occurred while \output is active []



[48]
Overfull \hbox (10.0627pt too wide) in paragraph at lines 591--592
\T1/lmr/m/n/12 mod-elu bylo pis-toupeno k mod-e-lovn schrnky na mru. Kon-c
epn byla schrnka navrena
 []

<images/krabickaTop.png, id=954, 950.04938pt x 606.76688pt>
File: images/krabickaTop.png Graphic file (type png)
<use images/krabickaTop.png>
Package pdftex.def Info: images/krabickaTop.png  used on input line 600.
(pdftex.def)             Requested size: 218.51521pt x 139.55344pt.
<images/KrabickaZBoku.png, id=955, 956.82469pt x 607.51968pt>
File: images/KrabickaZBoku.png Graphic file (type png)
<use images/KrabickaZBoku.png>
Package pdftex.def Info: images/KrabickaZBoku.png  used on input line 606.
(pdftex.def)             Requested size: 218.51521pt x 138.74396pt.

Underfull \vbox (badness 10000) has occurred while \output is active []



[49 <./images/krabickaTop.png> <./images/KrabickaZBoku.png>]
<images/PCB_Final_annotated.jpg, id=965, 3011.25pt x 3794.175pt>
File: images/PCB_Final_annotated.jpg Graphic file (type jpg)
<use images/PCB_Final_annotated.jpg>
Package pdftex.def Info: images/PCB_Final_annotated.jpg  used on input line 625
.
(pdftex.def)             Requested size: 432.48051pt x 544.90186pt.

Underfull \vbox (badness 10000) has occurred while \output is active []



[50]

LaTeX Warning: Command \textendash invalid in math mode on input line 632.

) (chapters/4_Oven funknosti nvrhu.tex
Underfull \vbox (badness 10000) has occurred while \output is active []



[51 <./images/PCB_Final_annotated.jpg>]

[52]
Kapitola 3.
<images/BrnenskaHoneywellHala.png, id=981, 1606.0pt x 903.375pt>
File: images/BrnenskaHoneywellHala.png Graphic file (type png)
<use images/BrnenskaHoneywellHala.png>
Package pdftex.def Info: images/BrnenskaHoneywellHala.png  used on input line 1
3.
(pdftex.def)             Requested size: 455.24411pt x 256.07233pt.


[53

 <./images/BrnenskaHoneywellHala.png (PNG copy)>]
Underfull \vbox (badness 10000) has occurred while \output is active []



[54]
Underfull \vbox (badness 10000) has occurred while \output is active []



[55]) (chapters/5_Zvr.tex

[56]

[57

]) (chapters/seznamy.tex

[58]

[59

]
Overfull \hbox (8.03394pt too wide) in paragraph at lines 28--28
\T1/lmtt/m/n/12 siemens . com / global / en / products / drives / sinamics / lo
w -[] voltage -[] converters /
 []


Overfull \hbox (9.34853pt too wide) in paragraph at lines 28--28
[]\T1/lmr/m/n/12 SIEMENS. \T1/lmr/m/it/12 SINAM-ICS G120D Get-ting Started \T1/
lmr/m/n/12 [[][]$\T1/lmtt/m/n/12 https : / / cache . industry . siemens .
 []



[60

]

[61]
Overfull \hbox (15.33029pt too wide) in paragraph at lines 28--28
[]\T1/lmr/m/it/12 Capacitor Blog - How Ca-pac-i-tor Works\T1/lmr/m/n/12 . 2025.
 []Dos-tupn tak z[]: [][]$\T1/lmtt/m/n/12 https : / / capacitorjs .
 []



[62] (_MAIN.lof)
\tf@lof=\write8
\openout8 = `_MAIN.lof'.



[63

]
Overfull \hbox (27.05096pt too wide) in paragraph at lines 47--48
[]\T1/lmr/m/n/12 KICAD pro-jekt desky plonch spoj: [][]$\T1/lmtt/m/n/12 http
s : / / github . com / davidstrasak / Bachelors _
 []

)

[64

] 
enddocument/afterlastpage (AED): lastpage setting LastPage.
(_MAIN.aux)
 ***********
LaTeX2e <2024-11-01> patch level 2
L3 programming layer <2025-04-14>
 ***********
Package rerunfilecheck Info: File `_MAIN.out' has not changed.
(rerunfilecheck)             Checksum: 93D433FD75507C4587CDCC913FF25C9F;7788.
Package logreq Info: Writing requests to '_MAIN.run.xml'.
\openout1 = `_MAIN.run.xml'.

 ) 
Here is how much of TeX's memory you used:
 39074 strings out of 471858
 731767 string characters out of 5521052
 1826710 words of memory out of 5000000
 64572 multiletter control sequences out of 15000+600000
 721816 words of font info for 119 fonts, out of 8000000 for 9000
 14 hyphenation exceptions out of 8191
 94i,17n,98p,1295b,3114s stack positions out of 10000i,1000n,20000p,200000b,200000s
 </home/davids/.miktex/texmfs/data/fonts/pk/ljfour/jknappen/ec/dpi600/tcrm100
0.pk></home/davids/.miktex/texmfs/install/fonts/type1/public/lm/lmbx12.pfb></ho
me/davids/.miktex/texmfs/install/fonts/type1/public/lm/lmcsc10.pfb></home/david
s/.miktex/texmfs/install/fonts/type1/public/lm/lmex10.pfb></home/davids/.miktex
/texmfs/install/fonts/type1/public/lm/lmmi12.pfb></home/davids/.miktex/texmfs/i
nstall/fonts/type1/public/lm/lmmi8.pfb></home/davids/.miktex/texmfs/install/fon
ts/type1/public/lm/lmr10.pfb></home/davids/.miktex/texmfs/install/fonts/type1/p
ublic/lm/lmr12.pfb></home/davids/.miktex/texmfs/install/fonts/type1/public/lm/l
mr7.pfb></home/davids/.miktex/texmfs/install/fonts/type1/public/lm/lmr8.pfb></h
ome/davids/.miktex/texmfs/install/fonts/type1/public/lm/lmri12.pfb></home/david
s/.miktex/texmfs/install/fonts/type1/public/lm/lmtt10.pfb></home/davids/.miktex
/texmfs/install/fonts/type1/public/lm/lmtt12.pfb></home/davids/.miktex/texmfs/i
nstall/fonts/type1/urw/courier/ucrb8a.pfb></home/davids/.miktex/texmfs/install/
fonts/type1/urw/courier/ucrr8a.pfb>
Output written on _MAIN.pdf (64 pages, 16557220 bytes).
PDF statistics:
 1283 PDF objects out of 1440 (max. 8388607)
 379 named destinations out of 1000 (max. 500000)
 498 words of extra memory for PDF output out of 10000 (max. 10000000)

