\BOOKMARK [0][-]{chapter*.2}{\376\377\000\332\000v\000o\000d\000\040\000\050\000c\000o\000\040\000z\000n\000a\000m\000e\000n\000a\000j\000\355\000\040\000j\000e\000d\000n\000o\000t\000l\000i\000v\000\351\000\040\000b\000a\000r\000v\000y\000\040\000v\000\040\000o\000s\000n\000o\000v\001\033\000\040\000p\000l\000u\000s\000\051}{}% 1
\BOOKMARK [0][-]{chapter.1}{\376\377\000R\000e\001\141\000e\000r\001\141\000e}{}% 2
\BOOKMARK [1][-]{section.1.1}{\376\377\000F\000r\000e\000k\000v\000e\000n\001\015\000n\000\355\000\040\000m\001\033\000n\000i\001\015\000e\000\040\000a\000\040\000j\000e\000j\000i\000c\000h\000\040\000r\000o\000l\000e\000\040\000v\000\040\001\131\000\355\000z\000e\000n\000\355\000\040\000d\000o\000p\000r\000a\000v\000n\000\355\000k\001\157}{chapter.1}% 3
\BOOKMARK [2][-]{subsection.1.1.1}{\376\377\000J\000a\000k\000\040\000f\000r\000e\000k\000v\000e\000n\001\015\000n\000\355\000\040\000m\001\033\000n\000i\001\015\000e\000\040\000f\000u\000n\000g\000u\000j\000\355}{section.1.1}% 4
\BOOKMARK [2][-]{subsection.1.1.2}{\376\377\000S\000i\000n\000a\000m\000i\000c\000s\000\040\000G\0001\0002\0000\000D}{section.1.1}% 5
\BOOKMARK [2][-]{subsection.1.1.3}{\376\377\000N\000a\000s\000t\000a\000v\000e\000n\000\355\000\040\000o\000v\000l\000\341\000d\000a\000c\000\355\000h\000o\000\040\000p\000a\000n\000e\000l\000u}{section.1.1}% 6
\BOOKMARK [2][-]{subsection.1.1.4}{\376\377\000B\000e\000z\000p\000e\001\015\000n\000o\000s\000t\000n\000\355\000\040\000a\000s\000p\000e\000k\000t\000y\000\040\000p\000r\000\341\000c\000e\000\040\000s\000\040\000o\000v\000l\000\341\000d\000a\000c\000\355\000m\000\040\000p\000a\000n\000e\000l\000e\000m}{section.1.1}% 7
\BOOKMARK [1][-]{section.1.2}{\376\377\000O\000p\000e\000n\000-\000s\000o\000u\000r\000c\000e\000\040\000v\000\375\000v\000o\000j\000o\000v\000\351\000\040\000d\000e\000s\000k\000y}{chapter.1}% 8
\BOOKMARK [2][-]{subsection.1.2.1}{\376\377\000P\000r\000o\001\015\000\040\000W\000E\000M\000O\000S\000\040\000v\000\375\000v\000o\000j\000o\000v\000\351\000\040\000d\000e\000s\000k\000y}{section.1.2}% 9
\BOOKMARK [2][-]{subsection.1.2.2}{\376\377\000T\000e\000c\000h\000n\000i\000c\000k\000\351\000\040\000s\000p\000e\000c\000i\000f\000i\000k\000a\000c\000e\000\040\000W\000E\000M\000O\000S\000\040\000D\0001\000\040\000M\000i\000n\000i\000\040\000P\000r\000o}{section.1.2}% 10
\BOOKMARK [2][-]{subsection.1.2.3}{\376\377\000A\000r\000d\000u\000i\000n\000o\000\040\000f\000r\000a\000m\000e\000w\000o\000r\000k\000\040\000p\000r\000o\000\040\000E\000S\000P\0008\0002\0006\0006}{section.1.2}% 11
\BOOKMARK [0][-]{chapter.2}{\376\377\000N\000\341\000v\000r\000h\000\040\000z\000a\001\131\000\355\000z\000e\000n\000\355}{}% 12
\BOOKMARK [1][-]{section.2.1}{\376\377\000P\000r\000i\000n\000c\000i\000p\000\040\000f\000u\000n\000k\000c\000e\000\040\000n\000a\000v\000r\001\176\000e\000n\000\351\000h\000o\000\040\000s\000y\000s\000t\000\351\000m\000u}{chapter.2}% 13
\BOOKMARK [2][-]{subsection.2.1.1}{\376\377\000P\000o\001\176\000a\000d\000a\000v\000k\000y\000\040\000n\000a\000\040\000s\000y\000s\000t\000\351\000m\000\040\000\050\0000\000.\0005\000\040\000s\000t\000r\000a\000n\000y\000\051}{section.2.1}% 14
\BOOKMARK [1][-]{section.2.2}{\376\377\000H\000a\000r\000d\000w\000a\000r\000e}{chapter.2}% 15
\BOOKMARK [2][-]{subsection.2.2.1}{\376\377\000O\000v\000l\000\341\000d\000\341\000n\000\355\000\040\000r\000e\000l\000\351}{section.2.2}% 16
\BOOKMARK [2][-]{subsection.2.2.2}{\376\377\000L\000C\000D\000\040\000d\000i\000s\000p\000l\000a\000y\000\040\000s\000\040\000I\0002\000C\000\040\000p\001\131\000e\000v\000o\000d\000n\000\355\000k\000e\000m}{section.2.2}% 17
\BOOKMARK [1][-]{section.2.3}{\376\377\000F\000i\000r\000m\000w\000a\000r\000e\000\040\000v\000e\000\040\000v\000\375\000v\000o\000j\000o\000v\000\351\000\040\000d\000e\000s\000c\000e}{chapter.2}% 18
\BOOKMARK [2][-]{subsection.2.3.1}{\376\377\000T\001\131\000\355\000d\000a\000\040\000a\000\040\000o\000b\000j\000e\000k\000t\000\040\000C\000o\000n\000v\000e\000y\000o\000r\000C\000o\000n\000t\000r\000o\000l\000l\000e\000r}{section.2.3}% 19
\BOOKMARK [2][-]{subsection.2.3.2}{\376\377\000S\000t\000a\000v\000o\000v\000\375\000\040\000d\000i\000a\000g\000r\000a\000m\000\040\000l\000o\000g\000i\000k\000y\000\040\000s\000y\000s\000t\000\351\000m\000u\000\040\000\050\0005\000\040\000s\000t\000r\000a\000n\000\051}{section.2.3}% 20
\BOOKMARK [1][-]{section.2.4}{\376\377\000S\000o\000f\000t\000w\000a\000r\000e\000\040\000v\000\040\000m\000o\000b\000i\000l\000n\000\355\000\040\000a\000p\000l\000i\000k\000a\000c\000i\000\040\000\050\000\040\000=\000\040\0005\000\040\000s\000t\000r\000a\000n\000\051}{chapter.2}% 21
\BOOKMARK [2][-]{subsection.2.4.1}{\376\377\000A\000r\000c\000h\000i\000t\000e\000k\000t\000u\000r\000a\000\040\000a\000p\000l\000i\000k\000a\000c\000e}{section.2.4}% 22
\BOOKMARK [2][-]{subsection.2.4.2}{\376\377\000P\000o\000u\001\176\000i\000t\000\351\000\040\000k\000n\000i\000h\000o\000v\000n\000y\000\040\000a\000\040\000t\000e\000c\000h\000n\000o\000l\000o\000g\000i\000e\000\040\000v\000\040\000a\000p\000l\000i\000k\000a\000c\000i\000\040\000\050\0000\000.\0005\000\040\000s\000t\000r\000a\000n\000y\000\051}{section.2.4}% 23
\BOOKMARK [2][-]{subsection.2.4.3}{\376\377\000P\000r\000i\000n\000c\000i\000p\000\040\000k\000o\000m\000u\000n\000i\000k\000a\000c\000e\000\040\000s\000\040\000N\000o\000d\000e\000M\000C\000U\000\040\000s\000e\000r\000v\000e\000r\000y}{section.2.4}% 24
\BOOKMARK [2][-]{subsection.2.4.4}{\376\377\000F\000u\000n\000k\001\015\000n\000o\000s\000t\000\040\000a\000p\000l\000i\000k\000a\000c\000e\000\040\000\050\000h\000o\000d\000n\001\033\000\040\000s\000t\000r\000a\000n\000\051}{section.2.4}% 25
\BOOKMARK [2][-]{subsection.2.4.5}{\376\377\000D\000e\000s\000i\000g\000n\000\040\000a\000p\000l\000i\000k\000a\000c\000e\000\040\000\050\0001\000\040\000s\000t\000r\000a\000n\000a\000\051}{section.2.4}% 26
\BOOKMARK [2][-]{subsection.2.4.6}{\376\377\000K\000o\000n\000v\000e\000r\000t\000o\000v\000\341\000n\000\355\000\040\000w\000e\000b\000o\000v\000\351\000\040\000a\000p\000l\000i\000k\000a\000c\000e\000\040\000d\000o\000\040\000m\000o\000b\000i\000l\000n\000\355\000\040\000a\000p\000l\000i\000k\000a\000c\000e\000\040\000\050\0000\000.\0005\000\040\000s\000t\000r\000a\000n\000y\000\051}{section.2.4}% 27
\BOOKMARK [1][-]{section.2.5}{\376\377\000V\000y\000t\000v\000o\001\131\000e\000n\000\355\000\040\000s\000c\000h\000r\000\341\000n\000k\000y\000\040\000p\000r\000o\000\040\000d\000e\000s\000k\000u\000\040\000\050\0001\000\040\000s\000t\000r\000a\000n\000a\000\051}{chapter.2}% 28
\BOOKMARK [1][-]{section.2.6}{\376\377\000K\000o\000m\000p\000l\000e\000t\000a\000c\000e\000\040\001\131\000e\001\141\000e\000n\000\355\000\040\000\050\0002\000\040\000s\000t\000r\000a\000n\000y\000\051}{chapter.2}% 29
\BOOKMARK [0][-]{chapter.3}{\376\377\000O\000v\001\033\001\131\000e\000n\000\355\000\040\000f\000u\000n\000k\001\015\000n\000o\000s\000t\000i\000\040\000n\000\341\000v\000r\000h\000u\000\040\000\050\000\040\000=\000\040\0004\000\040\000s\000t\000r\000a\000n\000y\000\051}{}% 30
\BOOKMARK [1][-]{section.3.1}{\376\377\000O\000v\001\033\001\131\000e\000n\000\355\000\040\000f\000u\000n\000k\001\015\000n\000o\000s\000t\000i\000\040\000l\000o\000k\000\341\000l\000n\000\355\000h\000o\000\040\000o\000v\000l\000\341\000d\000\341\000n\000\355\000\040\000\050\0000\000.\0005\000\040\000s\000t\000r\000a\000n\000y\000\051}{chapter.3}% 31
\BOOKMARK [1][-]{section.3.2}{\376\377\000O\000v\001\033\001\131\000e\000n\000\355\000\040\000f\000u\000n\000k\001\015\000n\000o\000s\000t\000i\000\040\000m\000o\000b\000i\000l\000n\000\355\000\040\000a\000p\000l\000i\000k\000a\000c\000e\000\040\000\050\0001\000\040\000s\000t\000r\000a\000n\000a\000\051}{chapter.3}% 32
\BOOKMARK [1][-]{section.3.3}{\376\377\000O\000v\001\033\001\131\000e\000n\000\355\000\040\000f\000u\000n\000k\001\015\000n\000o\000s\000t\000i\000\040\000z\000a\000p\000o\000j\000e\000n\000\355\000\040\000v\000\355\000c\000e\000\040\000d\000e\000s\000e\000k\000\040\000\050\0000\000.\0005\000\040\000s\000t\000r\000a\000n\000y\000\051}{chapter.3}% 33
\BOOKMARK [1][-]{section.3.4}{\376\377\000P\000o\000s\000o\000u\000z\000e\000n\000\355\000\040\000z\000\040\000h\000l\000e\000d\000i\000s\000k\000a\000\040\000b\000e\000z\000p\000e\001\015\000n\000o\000s\000t\000i\000\040\000\050\0001\000\040\000s\000t\000r\000a\000n\000a\000\051}{chapter.3}% 34
\BOOKMARK [0][-]{chapter*.37}{\376\377\000Z\000\341\000v\001\033\000r\000\040\000\050\0001\000\040\000s\000t\000r\000a\000n\000a\000\051}{}% 35
\BOOKMARK [0][-]{chapter*.38}{\376\377\000S\000e\000z\000n\000a\000m\000\040\000z\000k\000r\000a\000t\000e\000k\000\040\000a\000\040\000s\000y\000m\000b\000o\000l\001\157}{}% 36
\BOOKMARK [0][-]{chapter*.39}{\376\377\000S\000e\000z\000n\000a\000m\000\040\000z\000d\000r\000o\000j\001\157}{}% 37
\BOOKMARK [0][-]{chapter*.40}{\376\377\000S\000e\000z\000n\000a\000m\000\040\000o\000b\000r\000\341\000z\000k\001\157}{}% 38
\BOOKMARK [0][-]{chapter*.41}{\376\377\000S\000e\000z\000n\000a\000m\000\040\000t\000a\000b\000u\000l\000e\000k}{}% 39
\BOOKMARK [0][-]{chapter*.42}{\376\377\000S\000e\000z\000n\000a\000m\000\040\000p\001\131\000\355\000l\000o\000h}{}% 40
